<?xml version="1.0" encoding="UTF-8"?>
<coverage generated="1727275840">
  <project timestamp="1727275840">
    <file name="/home/kadir/Codes/apv1/app/Filament/AvatarProviders/BigUiAvatarsProvider.php">
      <class name="App\Filament\AvatarProviders\BigUiAvatarsProvider" namespace="global">
        <metrics complexity="2" methods="1" coveredmethods="0" conditionals="0" coveredconditionals="0" statements="7" coveredstatements="0" elements="8" coveredelements="0"/>
      </class>
      <line num="14" type="method" name="get" visibility="public" complexity="2" crap="6" count="0"/>
      <line num="17" type="stmt" count="0"/>
      <line num="18" type="stmt" count="0"/>
      <line num="19" type="stmt" count="0"/>
      <line num="20" type="stmt" count="0"/>
      <line num="21" type="stmt" count="0"/>
      <line num="23" type="stmt" count="0"/>
      <line num="25" type="stmt" count="0"/>
      <metrics loc="28" ncloc="28" classes="1" methods="1" coveredmethods="0" conditionals="0" coveredconditionals="0" statements="7" coveredstatements="0" elements="8" coveredelements="0"/>
    </file>
    <file name="/home/kadir/Codes/apv1/app/Filament/Resources/BillResource.php">
      <class name="App\Filament\Resources\BillResource" namespace="global">
        <metrics complexity="12" methods="8" coveredmethods="6" conditionals="0" coveredconditionals="0" statements="143" coveredstatements="133" elements="151" coveredelements="139"/>
      </class>
      <line num="31" type="method" name="getModelLabel" visibility="public" complexity="1" crap="1" count="3"/>
      <line num="33" type="stmt" count="3"/>
      <line num="36" type="method" name="getPluralModelLabel" visibility="public" complexity="1" crap="1" count="3"/>
      <line num="38" type="stmt" count="3"/>
      <line num="42" type="method" name="form" visibility="public" complexity="3" crap="3.01" count="2"/>
      <line num="44" type="stmt" count="2"/>
      <line num="45" type="stmt" count="2"/>
      <line num="46" type="stmt" count="2"/>
      <line num="47" type="stmt" count="2"/>
      <line num="48" type="stmt" count="2"/>
      <line num="49" type="stmt" count="2"/>
      <line num="50" type="stmt" count="2"/>
      <line num="51" type="stmt" count="2"/>
      <line num="52" type="stmt" count="2"/>
      <line num="53" type="stmt" count="2"/>
      <line num="54" type="stmt" count="2"/>
      <line num="55" type="stmt" count="2"/>
      <line num="56" type="stmt" count="2"/>
      <line num="58" type="stmt" count="2"/>
      <line num="59" type="stmt" count="2"/>
      <line num="60" type="stmt" count="2"/>
      <line num="61" type="stmt" count="2"/>
      <line num="62" type="stmt" count="2"/>
      <line num="63" type="stmt" count="2"/>
      <line num="64" type="stmt" count="2"/>
      <line num="65" type="stmt" count="2"/>
      <line num="67" type="stmt" count="0"/>
      <line num="68" type="stmt" count="0"/>
      <line num="70" type="stmt" count="0"/>
      <line num="72" type="stmt" count="2"/>
      <line num="73" type="stmt" count="2"/>
      <line num="74" type="stmt" count="2"/>
      <line num="77" type="stmt" count="2"/>
      <line num="78" type="stmt" count="2"/>
      <line num="79" type="stmt" count="2"/>
      <line num="80" type="stmt" count="2"/>
      <line num="81" type="stmt" count="2"/>
      <line num="82" type="stmt" count="2"/>
      <line num="83" type="stmt" count="2"/>
      <line num="84" type="stmt" count="2"/>
      <line num="85" type="stmt" count="2"/>
      <line num="86" type="stmt" count="2"/>
      <line num="87" type="stmt" count="2"/>
      <line num="88" type="stmt" count="2"/>
      <line num="89" type="stmt" count="2"/>
      <line num="90" type="stmt" count="2"/>
      <line num="91" type="stmt" count="2"/>
      <line num="92" type="stmt" count="0"/>
      <line num="93" type="stmt" count="0"/>
      <line num="94" type="stmt" count="0"/>
      <line num="95" type="stmt" count="0"/>
      <line num="96" type="stmt" count="2"/>
      <line num="97" type="stmt" count="2"/>
      <line num="98" type="stmt" count="2"/>
      <line num="99" type="stmt" count="2"/>
      <line num="100" type="stmt" count="2"/>
      <line num="101" type="stmt" count="2"/>
      <line num="102" type="stmt" count="2"/>
      <line num="103" type="stmt" count="2"/>
      <line num="104" type="stmt" count="2"/>
      <line num="105" type="stmt" count="2"/>
      <line num="106" type="stmt" count="2"/>
      <line num="107" type="stmt" count="2"/>
      <line num="108" type="stmt" count="2"/>
      <line num="109" type="stmt" count="2"/>
      <line num="110" type="stmt" count="2"/>
      <line num="111" type="stmt" count="2"/>
      <line num="112" type="stmt" count="2"/>
      <line num="113" type="stmt" count="2"/>
      <line num="114" type="stmt" count="2"/>
      <line num="115" type="stmt" count="2"/>
      <line num="116" type="stmt" count="2"/>
      <line num="117" type="stmt" count="2"/>
      <line num="118" type="stmt" count="2"/>
      <line num="119" type="stmt" count="2"/>
      <line num="120" type="stmt" count="2"/>
      <line num="121" type="stmt" count="2"/>
      <line num="122" type="stmt" count="2"/>
      <line num="123" type="stmt" count="2"/>
      <line num="124" type="stmt" count="2"/>
      <line num="125" type="stmt" count="2"/>
      <line num="128" type="stmt" count="2"/>
      <line num="132" type="method" name="table" visibility="public" complexity="1" crap="1" count="1"/>
      <line num="134" type="stmt" count="1"/>
      <line num="135" type="stmt" count="1"/>
      <line num="136" type="stmt" count="1"/>
      <line num="137" type="stmt" count="1"/>
      <line num="138" type="stmt" count="1"/>
      <line num="139" type="stmt" count="1"/>
      <line num="140" type="stmt" count="1"/>
      <line num="141" type="stmt" count="1"/>
      <line num="142" type="stmt" count="1"/>
      <line num="143" type="stmt" count="1"/>
      <line num="144" type="stmt" count="1"/>
      <line num="145" type="stmt" count="1"/>
      <line num="146" type="stmt" count="1"/>
      <line num="147" type="stmt" count="1"/>
      <line num="148" type="stmt" count="1"/>
      <line num="149" type="stmt" count="1"/>
      <line num="150" type="stmt" count="1"/>
      <line num="151" type="stmt" count="1"/>
      <line num="152" type="stmt" count="1"/>
      <line num="153" type="stmt" count="1"/>
      <line num="154" type="stmt" count="1"/>
      <line num="155" type="stmt" count="1"/>
      <line num="156" type="stmt" count="1"/>
      <line num="157" type="stmt" count="1"/>
      <line num="158" type="stmt" count="1"/>
      <line num="159" type="stmt" count="1"/>
      <line num="160" type="stmt" count="1"/>
      <line num="161" type="stmt" count="1"/>
      <line num="162" type="stmt" count="1"/>
      <line num="163" type="stmt" count="1"/>
      <line num="164" type="stmt" count="1"/>
      <line num="165" type="stmt" count="1"/>
      <line num="166" type="stmt" count="1"/>
      <line num="167" type="stmt" count="1"/>
      <line num="168" type="stmt" count="1"/>
      <line num="169" type="stmt" count="1"/>
      <line num="171" type="stmt" count="1"/>
      <line num="172" type="stmt" count="1"/>
      <line num="173" type="stmt" count="1"/>
      <line num="174" type="stmt" count="1"/>
      <line num="175" type="stmt" count="1"/>
      <line num="176" type="stmt" count="1"/>
      <line num="177" type="stmt" count="1"/>
      <line num="178" type="stmt" count="1"/>
      <line num="181" type="method" name="setTotalPrice" visibility="public" complexity="3" crap="3.71" count="2"/>
      <line num="183" type="stmt" count="2"/>
      <line num="185" type="stmt" count="2"/>
      <line num="186" type="stmt" count="0"/>
      <line num="187" type="stmt" count="0"/>
      <line num="189" type="stmt" count="0"/>
      <line num="192" type="stmt" count="2"/>
      <line num="193" type="stmt" count="2"/>
      <line num="195" type="method" name="getRelations" visibility="public" complexity="1" crap="1" count="111"/>
      <line num="197" type="stmt" count="111"/>
      <line num="198" type="stmt" count="111"/>
      <line num="199" type="stmt" count="111"/>
      <line num="202" type="method" name="getPages" visibility="public" complexity="1" crap="1" count="111"/>
      <line num="204" type="stmt" count="111"/>
      <line num="205" type="stmt" count="111"/>
      <line num="206" type="stmt" count="111"/>
      <line num="207" type="stmt" count="111"/>
      <line num="208" type="stmt" count="111"/>
      <line num="209" type="stmt" count="111"/>
      <line num="212" type="method" name="getEloquentQuery" visibility="public" complexity="1" crap="1" count="3"/>
      <line num="214" type="stmt" count="3"/>
      <line num="215" type="stmt" count="3"/>
      <line num="216" type="stmt" count="3"/>
      <line num="217" type="stmt" count="3"/>
      <metrics loc="220" ncloc="220" classes="1" methods="8" coveredmethods="6" conditionals="0" coveredconditionals="0" statements="143" coveredstatements="133" elements="151" coveredelements="139"/>
    </file>
    <file name="/home/kadir/Codes/apv1/app/Filament/Resources/BillResource/Pages/CreateBill.php">
      <class name="App\Filament\Resources\BillResource\Pages\CreateBill" namespace="global">
        <metrics complexity="0" methods="0" coveredmethods="0" conditionals="0" coveredconditionals="0" statements="0" coveredstatements="0" elements="0" coveredelements="0"/>
      </class>
      <metrics loc="13" ncloc="13" classes="0" methods="0" coveredmethods="0" conditionals="0" coveredconditionals="0" statements="0" coveredstatements="0" elements="0" coveredelements="0"/>
    </file>
    <file name="/home/kadir/Codes/apv1/app/Filament/Resources/BillResource/Pages/EditBill.php">
      <class name="App\Filament\Resources\BillResource\Pages\EditBill" namespace="global">
        <metrics complexity="2" methods="2" coveredmethods="1" conditionals="0" coveredconditionals="0" statements="18" coveredstatements="16" elements="20" coveredelements="17"/>
      </class>
      <line num="15" type="method" name="getHeaderActions" visibility="public" complexity="1" crap="1" count="1"/>
      <line num="17" type="stmt" count="1"/>
      <line num="18" type="stmt" count="1"/>
      <line num="19" type="stmt" count="1"/>
      <line num="20" type="stmt" count="1"/>
      <line num="21" type="stmt" count="1"/>
      <line num="23" type="stmt" count="1"/>
      <line num="26" type="method" name="getFormActions" visibility="protected" complexity="1" crap="1.00" count="1"/>
      <line num="29" type="stmt" count="1"/>
      <line num="30" type="stmt" count="1"/>
      <line num="31" type="stmt" count="1"/>
      <line num="32" type="stmt" count="1"/>
      <line num="33" type="stmt" count="1"/>
      <line num="34" type="stmt" count="0"/>
      <line num="35" type="stmt" count="0"/>
      <line num="36" type="stmt" count="1"/>
      <line num="37" type="stmt" count="1"/>
      <line num="38" type="stmt" count="1"/>
      <line num="39" type="stmt" count="1"/>
      <line num="40" type="stmt" count="1"/>
      <metrics loc="43" ncloc="43" classes="1" methods="2" coveredmethods="1" conditionals="0" coveredconditionals="0" statements="18" coveredstatements="16" elements="20" coveredelements="17"/>
    </file>
    <file name="/home/kadir/Codes/apv1/app/Filament/Resources/BillResource/Pages/ListBills.php">
      <class name="App\Filament\Resources\BillResource\Pages\ListBills" namespace="global">
        <metrics complexity="1" methods="1" coveredmethods="1" conditionals="0" coveredconditionals="0" statements="3" coveredstatements="3" elements="4" coveredelements="4"/>
      </class>
      <line num="13" type="method" name="getHeaderActions" visibility="protected" complexity="1" crap="1" count="1"/>
      <line num="15" type="stmt" count="1"/>
      <line num="16" type="stmt" count="1"/>
      <line num="17" type="stmt" count="1"/>
      <metrics loc="20" ncloc="20" classes="1" methods="1" coveredmethods="1" conditionals="0" coveredconditionals="0" statements="3" coveredstatements="3" elements="4" coveredelements="4"/>
    </file>
    <file name="/home/kadir/Codes/apv1/app/Filament/Resources/BillResource/Pages/ViewBill.php">
      <class name="App\Filament\Resources\BillResource\Pages\ViewBill" namespace="global">
        <metrics complexity="1" methods="1" coveredmethods="1" conditionals="0" coveredconditionals="0" statements="9" coveredstatements="9" elements="10" coveredelements="10"/>
      </class>
      <line num="13" type="method" name="getHeaderActions" visibility="protected" complexity="1" crap="1" count="1"/>
      <line num="15" type="stmt" count="1"/>
      <line num="16" type="stmt" count="1"/>
      <line num="17" type="stmt" count="1"/>
      <line num="18" type="stmt" count="1"/>
      <line num="19" type="stmt" count="1"/>
      <line num="20" type="stmt" count="1"/>
      <line num="21" type="stmt" count="1"/>
      <line num="22" type="stmt" count="1"/>
      <line num="23" type="stmt" count="1"/>
      <metrics loc="26" ncloc="26" classes="1" methods="1" coveredmethods="1" conditionals="0" coveredconditionals="0" statements="9" coveredstatements="9" elements="10" coveredelements="10"/>
    </file>
    <file name="/home/kadir/Codes/apv1/app/Filament/Resources/CustomerResource.php">
      <class name="App\Filament\Resources\CustomerResource" namespace="global">
        <metrics complexity="18" methods="6" coveredmethods="5" conditionals="0" coveredconditionals="0" statements="249" coveredstatements="215" elements="255" coveredelements="220"/>
      </class>
      <line num="35" type="method" name="getModelLabel" visibility="public" complexity="1" crap="1" count="4"/>
      <line num="37" type="stmt" count="4"/>
      <line num="40" type="method" name="getPluralModelLabel" visibility="public" complexity="1" crap="1" count="4"/>
      <line num="42" type="stmt" count="4"/>
      <line num="45" type="method" name="form" visibility="public" complexity="13" crap="14.00" count="2"/>
      <line num="47" type="stmt" count="2"/>
      <line num="48" type="stmt" count="2"/>
      <line num="49" type="stmt" count="2"/>
      <line num="50" type="stmt" count="2"/>
      <line num="51" type="stmt" count="2"/>
      <line num="52" type="stmt" count="2"/>
      <line num="53" type="stmt" count="2"/>
      <line num="54" type="stmt" count="2"/>
      <line num="55" type="stmt" count="2"/>
      <line num="56" type="stmt" count="2"/>
      <line num="57" type="stmt" count="2"/>
      <line num="58" type="stmt" count="2"/>
      <line num="59" type="stmt" count="2"/>
      <line num="60" type="stmt" count="2"/>
      <line num="61" type="stmt" count="2"/>
      <line num="62" type="stmt" count="2"/>
      <line num="63" type="stmt" count="2"/>
      <line num="64" type="stmt" count="2"/>
      <line num="65" type="stmt" count="2"/>
      <line num="66" type="stmt" count="2"/>
      <line num="67" type="stmt" count="2"/>
      <line num="68" type="stmt" count="2"/>
      <line num="69" type="stmt" count="2"/>
      <line num="72" type="stmt" count="2"/>
      <line num="73" type="stmt" count="2"/>
      <line num="74" type="stmt" count="2"/>
      <line num="75" type="stmt" count="2"/>
      <line num="76" type="stmt" count="2"/>
      <line num="77" type="stmt" count="2"/>
      <line num="78" type="stmt" count="2"/>
      <line num="79" type="stmt" count="2"/>
      <line num="80" type="stmt" count="2"/>
      <line num="81" type="stmt" count="2"/>
      <line num="82" type="stmt" count="2"/>
      <line num="83" type="stmt" count="2"/>
      <line num="84" type="stmt" count="2"/>
      <line num="85" type="stmt" count="2"/>
      <line num="86" type="stmt" count="2"/>
      <line num="87" type="stmt" count="2"/>
      <line num="88" type="stmt" count="2"/>
      <line num="89" type="stmt" count="0"/>
      <line num="90" type="stmt" count="0"/>
      <line num="91" type="stmt" count="0"/>
      <line num="94" type="stmt" count="0"/>
      <line num="97" type="stmt" count="2"/>
      <line num="98" type="stmt" count="2"/>
      <line num="99" type="stmt" count="2"/>
      <line num="100" type="stmt" count="2"/>
      <line num="101" type="stmt" count="2"/>
      <line num="102" type="stmt" count="2"/>
      <line num="103" type="stmt" count="2"/>
      <line num="105" type="stmt" count="2"/>
      <line num="106" type="stmt" count="2"/>
      <line num="108" type="stmt" count="2"/>
      <line num="109" type="stmt" count="2"/>
      <line num="110" type="stmt" count="2"/>
      <line num="111" type="stmt" count="2"/>
      <line num="112" type="stmt" count="2"/>
      <line num="113" type="stmt" count="2"/>
      <line num="114" type="stmt" count="2"/>
      <line num="115" type="stmt" count="2"/>
      <line num="116" type="stmt" count="2"/>
      <line num="117" type="stmt" count="2"/>
      <line num="118" type="stmt" count="2"/>
      <line num="119" type="stmt" count="2"/>
      <line num="120" type="stmt" count="0"/>
      <line num="121" type="stmt" count="0"/>
      <line num="123" type="stmt" count="0"/>
      <line num="124" type="stmt" count="0"/>
      <line num="126" type="stmt" count="0"/>
      <line num="128" type="stmt" count="0"/>
      <line num="129" type="stmt" count="0"/>
      <line num="130" type="stmt" count="2"/>
      <line num="131" type="stmt" count="2"/>
      <line num="134" type="stmt" count="2"/>
      <line num="135" type="stmt" count="2"/>
      <line num="136" type="stmt" count="2"/>
      <line num="137" type="stmt" count="2"/>
      <line num="138" type="stmt" count="2"/>
      <line num="139" type="stmt" count="2"/>
      <line num="140" type="stmt" count="2"/>
      <line num="141" type="stmt" count="2"/>
      <line num="142" type="stmt" count="2"/>
      <line num="143" type="stmt" count="2"/>
      <line num="144" type="stmt" count="2"/>
      <line num="146" type="stmt" count="2"/>
      <line num="147" type="stmt" count="2"/>
      <line num="148" type="stmt" count="2"/>
      <line num="149" type="stmt" count="2"/>
      <line num="150" type="stmt" count="2"/>
      <line num="151" type="stmt" count="2"/>
      <line num="152" type="stmt" count="2"/>
      <line num="153" type="stmt" count="2"/>
      <line num="154" type="stmt" count="0"/>
      <line num="155" type="stmt" count="0"/>
      <line num="156" type="stmt" count="0"/>
      <line num="157" type="stmt" count="0"/>
      <line num="158" type="stmt" count="2"/>
      <line num="159" type="stmt" count="2"/>
      <line num="160" type="stmt" count="2"/>
      <line num="161" type="stmt" count="2"/>
      <line num="162" type="stmt" count="2"/>
      <line num="163" type="stmt" count="2"/>
      <line num="164" type="stmt" count="2"/>
      <line num="165" type="stmt" count="2"/>
      <line num="166" type="stmt" count="2"/>
      <line num="167" type="stmt" count="2"/>
      <line num="168" type="stmt" count="2"/>
      <line num="169" type="stmt" count="2"/>
      <line num="170" type="stmt" count="2"/>
      <line num="171" type="stmt" count="2"/>
      <line num="172" type="stmt" count="2"/>
      <line num="173" type="stmt" count="2"/>
      <line num="174" type="stmt" count="2"/>
      <line num="175" type="stmt" count="2"/>
      <line num="176" type="stmt" count="2"/>
      <line num="177" type="stmt" count="2"/>
      <line num="178" type="stmt" count="2"/>
      <line num="179" type="stmt" count="2"/>
      <line num="180" type="stmt" count="2"/>
      <line num="181" type="stmt" count="2"/>
      <line num="182" type="stmt" count="2"/>
      <line num="184" type="stmt" count="2"/>
      <line num="185" type="stmt" count="2"/>
      <line num="186" type="stmt" count="2"/>
      <line num="187" type="stmt" count="2"/>
      <line num="188" type="stmt" count="2"/>
      <line num="189" type="stmt" count="2"/>
      <line num="190" type="stmt" count="2"/>
      <line num="191" type="stmt" count="2"/>
      <line num="192" type="stmt" count="2"/>
      <line num="193" type="stmt" count="2"/>
      <line num="194" type="stmt" count="2"/>
      <line num="195" type="stmt" count="2"/>
      <line num="196" type="stmt" count="2"/>
      <line num="197" type="stmt" count="2"/>
      <line num="198" type="stmt" count="2"/>
      <line num="199" type="stmt" count="2"/>
      <line num="200" type="stmt" count="2"/>
      <line num="201" type="stmt" count="2"/>
      <line num="202" type="stmt" count="2"/>
      <line num="203" type="stmt" count="2"/>
      <line num="204" type="stmt" count="2"/>
      <line num="205" type="stmt" count="2"/>
      <line num="206" type="stmt" count="2"/>
      <line num="207" type="stmt" count="2"/>
      <line num="208" type="stmt" count="2"/>
      <line num="209" type="stmt" count="2"/>
      <line num="210" type="stmt" count="2"/>
      <line num="211" type="stmt" count="2"/>
      <line num="212" type="stmt" count="2"/>
      <line num="213" type="stmt" count="2"/>
      <line num="214" type="stmt" count="2"/>
      <line num="216" type="stmt" count="0"/>
      <line num="218" type="stmt" count="0"/>
      <line num="219" type="stmt" count="0"/>
      <line num="220" type="stmt" count="0"/>
      <line num="221" type="stmt" count="0"/>
      <line num="222" type="stmt" count="2"/>
      <line num="223" type="stmt" count="2"/>
      <line num="224" type="stmt" count="2"/>
      <line num="225" type="stmt" count="2"/>
      <line num="226" type="stmt" count="2"/>
      <line num="227" type="stmt" count="2"/>
      <line num="228" type="stmt" count="2"/>
      <line num="229" type="stmt" count="2"/>
      <line num="230" type="stmt" count="2"/>
      <line num="231" type="stmt" count="2"/>
      <line num="232" type="stmt" count="0"/>
      <line num="233" type="stmt" count="0"/>
      <line num="234" type="stmt" count="0"/>
      <line num="235" type="stmt" count="0"/>
      <line num="237" type="stmt" count="0"/>
      <line num="240" type="stmt" count="0"/>
      <line num="241" type="stmt" count="0"/>
      <line num="242" type="stmt" count="2"/>
      <line num="243" type="stmt" count="2"/>
      <line num="244" type="stmt" count="0"/>
      <line num="245" type="stmt" count="0"/>
      <line num="247" type="stmt" count="0"/>
      <line num="248" type="stmt" count="0"/>
      <line num="250" type="stmt" count="0"/>
      <line num="252" type="stmt" count="0"/>
      <line num="253" type="stmt" count="0"/>
      <line num="254" type="stmt" count="2"/>
      <line num="255" type="stmt" count="2"/>
      <line num="257" type="stmt" count="2"/>
      <line num="258" type="stmt" count="2"/>
      <line num="261" type="method" name="table" visibility="public" complexity="1" crap="1" count="2"/>
      <line num="263" type="stmt" count="2"/>
      <line num="264" type="stmt" count="2"/>
      <line num="265" type="stmt" count="2"/>
      <line num="266" type="stmt" count="2"/>
      <line num="267" type="stmt" count="2"/>
      <line num="268" type="stmt" count="2"/>
      <line num="269" type="stmt" count="2"/>
      <line num="270" type="stmt" count="2"/>
      <line num="271" type="stmt" count="2"/>
      <line num="272" type="stmt" count="2"/>
      <line num="273" type="stmt" count="2"/>
      <line num="274" type="stmt" count="2"/>
      <line num="275" type="stmt" count="2"/>
      <line num="276" type="stmt" count="2"/>
      <line num="277" type="stmt" count="2"/>
      <line num="278" type="stmt" count="2"/>
      <line num="279" type="stmt" count="2"/>
      <line num="280" type="stmt" count="2"/>
      <line num="281" type="stmt" count="2"/>
      <line num="282" type="stmt" count="2"/>
      <line num="283" type="stmt" count="2"/>
      <line num="284" type="stmt" count="2"/>
      <line num="285" type="stmt" count="2"/>
      <line num="286" type="stmt" count="2"/>
      <line num="287" type="stmt" count="2"/>
      <line num="288" type="stmt" count="2"/>
      <line num="289" type="stmt" count="2"/>
      <line num="290" type="stmt" count="2"/>
      <line num="291" type="stmt" count="2"/>
      <line num="292" type="stmt" count="2"/>
      <line num="293" type="stmt" count="2"/>
      <line num="294" type="stmt" count="2"/>
      <line num="295" type="stmt" count="2"/>
      <line num="296" type="stmt" count="2"/>
      <line num="298" type="stmt" count="2"/>
      <line num="299" type="stmt" count="2"/>
      <line num="300" type="stmt" count="2"/>
      <line num="301" type="stmt" count="2"/>
      <line num="302" type="stmt" count="2"/>
      <line num="303" type="stmt" count="2"/>
      <line num="304" type="stmt" count="2"/>
      <line num="305" type="stmt" count="2"/>
      <line num="306" type="stmt" count="2"/>
      <line num="308" type="stmt" count="2"/>
      <line num="309" type="stmt" count="2"/>
      <line num="310" type="stmt" count="2"/>
      <line num="311" type="stmt" count="2"/>
      <line num="312" type="stmt" count="2"/>
      <line num="313" type="stmt" count="2"/>
      <line num="314" type="stmt" count="2"/>
      <line num="315" type="stmt" count="2"/>
      <line num="318" type="method" name="getRelations" visibility="public" complexity="1" crap="1" count="111"/>
      <line num="320" type="stmt" count="111"/>
      <line num="321" type="stmt" count="111"/>
      <line num="322" type="stmt" count="111"/>
      <line num="325" type="method" name="getPages" visibility="public" complexity="1" crap="1" count="111"/>
      <line num="327" type="stmt" count="111"/>
      <line num="328" type="stmt" count="111"/>
      <line num="329" type="stmt" count="111"/>
      <line num="330" type="stmt" count="111"/>
      <line num="331" type="stmt" count="111"/>
      <metrics loc="342" ncloc="331" classes="1" methods="6" coveredmethods="5" conditionals="0" coveredconditionals="0" statements="249" coveredstatements="215" elements="255" coveredelements="220"/>
    </file>
    <file name="/home/kadir/Codes/apv1/app/Filament/Resources/CustomerResource/Pages/CreateCustomer.php">
      <class name="App\Filament\Resources\CustomerResource\Pages\CreateCustomer" namespace="global">
        <metrics complexity="0" methods="0" coveredmethods="0" conditionals="0" coveredconditionals="0" statements="0" coveredstatements="0" elements="0" coveredelements="0"/>
      </class>
      <metrics loc="14" ncloc="14" classes="0" methods="0" coveredmethods="0" conditionals="0" coveredconditionals="0" statements="0" coveredstatements="0" elements="0" coveredelements="0"/>
    </file>
    <file name="/home/kadir/Codes/apv1/app/Filament/Resources/CustomerResource/Pages/EditCustomer.php">
      <class name="App\Filament\Resources\CustomerResource\Pages\EditCustomer" namespace="global">
        <metrics complexity="1" methods="1" coveredmethods="1" conditionals="0" coveredconditionals="0" statements="5" coveredstatements="5" elements="6" coveredelements="6"/>
      </class>
      <line num="13" type="method" name="getHeaderActions" visibility="protected" complexity="1" crap="1" count="1"/>
      <line num="15" type="stmt" count="1"/>
      <line num="16" type="stmt" count="1"/>
      <line num="17" type="stmt" count="1"/>
      <line num="18" type="stmt" count="1"/>
      <line num="19" type="stmt" count="1"/>
      <metrics loc="22" ncloc="22" classes="1" methods="1" coveredmethods="1" conditionals="0" coveredconditionals="0" statements="5" coveredstatements="5" elements="6" coveredelements="6"/>
    </file>
    <file name="/home/kadir/Codes/apv1/app/Filament/Resources/CustomerResource/Pages/ListCustomers.php">
      <class name="App\Filament\Resources\CustomerResource\Pages\ListCustomers" namespace="global">
        <metrics complexity="1" methods="1" coveredmethods="1" conditionals="0" coveredconditionals="0" statements="3" coveredstatements="3" elements="4" coveredelements="4"/>
      </class>
      <line num="13" type="method" name="getHeaderActions" visibility="protected" complexity="1" crap="1" count="2"/>
      <line num="15" type="stmt" count="2"/>
      <line num="16" type="stmt" count="2"/>
      <line num="17" type="stmt" count="2"/>
      <metrics loc="20" ncloc="20" classes="1" methods="1" coveredmethods="1" conditionals="0" coveredconditionals="0" statements="3" coveredstatements="3" elements="4" coveredelements="4"/>
    </file>
    <file name="/home/kadir/Codes/apv1/app/Filament/Resources/DepartmentResource.php">
      <class name="App\Filament\Resources\DepartmentResource" namespace="global">
        <metrics complexity="9" methods="9" coveredmethods="9" conditionals="0" coveredconditionals="0" statements="54" coveredstatements="54" elements="63" coveredelements="63"/>
      </class>
      <line num="22" type="method" name="getNavigationGroup" visibility="public" complexity="1" crap="1" count="3"/>
      <line num="24" type="stmt" count="3"/>
      <line num="28" type="method" name="getNavigationIcon" visibility="public" complexity="1" crap="1" count="3"/>
      <line num="30" type="stmt" count="3"/>
      <line num="32" type="method" name="getModelLabel" visibility="public" complexity="1" crap="1" count="2"/>
      <line num="34" type="stmt" count="2"/>
      <line num="37" type="method" name="getPluralModelLabel" visibility="public" complexity="1" crap="1" count="5"/>
      <line num="39" type="stmt" count="5"/>
      <line num="42" type="method" name="form" visibility="public" complexity="1" crap="1" count="1"/>
      <line num="44" type="stmt" count="1"/>
      <line num="45" type="stmt" count="1"/>
      <line num="46" type="stmt" count="1"/>
      <line num="47" type="stmt" count="1"/>
      <line num="49" type="stmt" count="1"/>
      <line num="50" type="stmt" count="1"/>
      <line num="51" type="stmt" count="1"/>
      <line num="54" type="method" name="table" visibility="public" complexity="1" crap="1" count="1"/>
      <line num="56" type="stmt" count="1"/>
      <line num="57" type="stmt" count="1"/>
      <line num="58" type="stmt" count="1"/>
      <line num="59" type="stmt" count="1"/>
      <line num="60" type="stmt" count="1"/>
      <line num="61" type="stmt" count="1"/>
      <line num="62" type="stmt" count="1"/>
      <line num="63" type="stmt" count="1"/>
      <line num="64" type="stmt" count="1"/>
      <line num="65" type="stmt" count="1"/>
      <line num="66" type="stmt" count="1"/>
      <line num="67" type="stmt" count="1"/>
      <line num="68" type="stmt" count="1"/>
      <line num="69" type="stmt" count="1"/>
      <line num="70" type="stmt" count="1"/>
      <line num="71" type="stmt" count="1"/>
      <line num="72" type="stmt" count="1"/>
      <line num="73" type="stmt" count="1"/>
      <line num="74" type="stmt" count="1"/>
      <line num="75" type="stmt" count="1"/>
      <line num="76" type="stmt" count="1"/>
      <line num="77" type="stmt" count="1"/>
      <line num="79" type="stmt" count="1"/>
      <line num="80" type="stmt" count="1"/>
      <line num="81" type="stmt" count="1"/>
      <line num="82" type="stmt" count="1"/>
      <line num="83" type="stmt" count="1"/>
      <line num="84" type="stmt" count="1"/>
      <line num="85" type="stmt" count="1"/>
      <line num="86" type="stmt" count="1"/>
      <line num="87" type="stmt" count="1"/>
      <line num="90" type="method" name="getRelations" visibility="public" complexity="1" crap="1" count="111"/>
      <line num="92" type="stmt" count="111"/>
      <line num="93" type="stmt" count="111"/>
      <line num="94" type="stmt" count="111"/>
      <line num="97" type="method" name="getPages" visibility="public" complexity="1" crap="1" count="111"/>
      <line num="99" type="stmt" count="111"/>
      <line num="100" type="stmt" count="111"/>
      <line num="101" type="stmt" count="111"/>
      <line num="103" type="stmt" count="111"/>
      <line num="104" type="stmt" count="111"/>
      <line num="107" type="method" name="getEloquentQuery" visibility="public" complexity="1" crap="1" count="3"/>
      <line num="109" type="stmt" count="3"/>
      <line num="110" type="stmt" count="3"/>
      <line num="111" type="stmt" count="3"/>
      <line num="112" type="stmt" count="3"/>
      <metrics loc="115" ncloc="113" classes="1" methods="9" coveredmethods="9" conditionals="0" coveredconditionals="0" statements="54" coveredstatements="54" elements="63" coveredelements="63"/>
    </file>
    <file name="/home/kadir/Codes/apv1/app/Filament/Resources/DepartmentResource/Pages/CreateDepartment.php">
      <class name="App\Filament\Resources\DepartmentResource\Pages\CreateDepartment" namespace="global">
        <metrics complexity="0" methods="0" coveredmethods="0" conditionals="0" coveredconditionals="0" statements="0" coveredstatements="0" elements="0" coveredelements="0"/>
      </class>
      <metrics loc="13" ncloc="13" classes="0" methods="0" coveredmethods="0" conditionals="0" coveredconditionals="0" statements="0" coveredstatements="0" elements="0" coveredelements="0"/>
    </file>
    <file name="/home/kadir/Codes/apv1/app/Filament/Resources/DepartmentResource/Pages/EditDepartment.php">
      <class name="App\Filament\Resources\DepartmentResource\Pages\EditDepartment" namespace="global">
        <metrics complexity="1" methods="1" coveredmethods="1" conditionals="0" coveredconditionals="0" statements="6" coveredstatements="6" elements="7" coveredelements="7"/>
      </class>
      <line num="13" type="method" name="getHeaderActions" visibility="protected" complexity="1" crap="1" count="1"/>
      <line num="15" type="stmt" count="1"/>
      <line num="16" type="stmt" count="1"/>
      <line num="17" type="stmt" count="1"/>
      <line num="18" type="stmt" count="1"/>
      <line num="19" type="stmt" count="1"/>
      <line num="20" type="stmt" count="1"/>
      <metrics loc="23" ncloc="23" classes="1" methods="1" coveredmethods="1" conditionals="0" coveredconditionals="0" statements="6" coveredstatements="6" elements="7" coveredelements="7"/>
    </file>
    <file name="/home/kadir/Codes/apv1/app/Filament/Resources/DepartmentResource/Pages/ListDepartments.php">
      <class name="App\Filament\Resources\DepartmentResource\Pages\ListDepartments" namespace="global">
        <metrics complexity="1" methods="1" coveredmethods="1" conditionals="0" coveredconditionals="0" statements="3" coveredstatements="3" elements="4" coveredelements="4"/>
      </class>
      <line num="13" type="method" name="getHeaderActions" visibility="protected" complexity="1" crap="1" count="1"/>
      <line num="15" type="stmt" count="1"/>
      <line num="16" type="stmt" count="1"/>
      <line num="17" type="stmt" count="1"/>
      <metrics loc="20" ncloc="20" classes="1" methods="1" coveredmethods="1" conditionals="0" coveredconditionals="0" statements="3" coveredstatements="3" elements="4" coveredelements="4"/>
    </file>
    <file name="/home/kadir/Codes/apv1/app/Filament/Resources/DepartmentResource/Pages/ViewDepartment.php">
      <class name="App\Filament\Resources\DepartmentResource\Pages\ViewDepartment" namespace="global">
        <metrics complexity="0" methods="0" coveredmethods="0" conditionals="0" coveredconditionals="0" statements="0" coveredstatements="0" elements="0" coveredelements="0"/>
      </class>
      <metrics loc="14" ncloc="14" classes="0" methods="0" coveredmethods="0" conditionals="0" coveredconditionals="0" statements="0" coveredstatements="0" elements="0" coveredelements="0"/>
    </file>
    <file name="/home/kadir/Codes/apv1/app/Filament/Resources/DepartmentResource/RelationManagers/DepartmentUsersRelationManager.php">
      <class name="App\Filament\Resources\DepartmentResource\RelationManagers\DepartmentUsersRelationManager" namespace="global">
        <metrics complexity="2" methods="2" coveredmethods="2" conditionals="0" coveredconditionals="0" statements="37" coveredstatements="37" elements="39" coveredelements="39"/>
      </class>
      <line num="25" type="method" name="getTitle" visibility="public" complexity="1" crap="1" count="1"/>
      <line num="27" type="stmt" count="1"/>
      <line num="34" type="method" name="table" visibility="public" complexity="1" crap="1" count="1"/>
      <line num="36" type="stmt" count="1"/>
      <line num="37" type="stmt" count="1"/>
      <line num="38" type="stmt" count="1"/>
      <line num="39" type="stmt" count="1"/>
      <line num="40" type="stmt" count="1"/>
      <line num="41" type="stmt" count="1"/>
      <line num="42" type="stmt" count="1"/>
      <line num="43" type="stmt" count="1"/>
      <line num="44" type="stmt" count="1"/>
      <line num="45" type="stmt" count="1"/>
      <line num="46" type="stmt" count="1"/>
      <line num="47" type="stmt" count="1"/>
      <line num="48" type="stmt" count="1"/>
      <line num="49" type="stmt" count="1"/>
      <line num="50" type="stmt" count="1"/>
      <line num="51" type="stmt" count="1"/>
      <line num="52" type="stmt" count="1"/>
      <line num="53" type="stmt" count="1"/>
      <line num="54" type="stmt" count="1"/>
      <line num="55" type="stmt" count="1"/>
      <line num="56" type="stmt" count="1"/>
      <line num="57" type="stmt" count="1"/>
      <line num="58" type="stmt" count="1"/>
      <line num="59" type="stmt" count="1"/>
      <line num="60" type="stmt" count="1"/>
      <line num="61" type="stmt" count="1"/>
      <line num="62" type="stmt" count="1"/>
      <line num="64" type="stmt" count="1"/>
      <line num="65" type="stmt" count="1"/>
      <line num="68" type="stmt" count="1"/>
      <line num="69" type="stmt" count="1"/>
      <line num="70" type="stmt" count="1"/>
      <line num="71" type="stmt" count="1"/>
      <line num="72" type="stmt" count="1"/>
      <line num="73" type="stmt" count="1"/>
      <line num="74" type="stmt" count="1"/>
      <metrics loc="77" ncloc="72" classes="1" methods="2" coveredmethods="2" conditionals="0" coveredconditionals="0" statements="37" coveredstatements="37" elements="39" coveredelements="39"/>
    </file>
    <file name="/home/kadir/Codes/apv1/app/Filament/Resources/IllnessNotificationResource.php">
      <class name="App\Filament\Resources\IllnessNotificationResource" namespace="global">
        <metrics complexity="7" methods="7" coveredmethods="7" conditionals="0" coveredconditionals="0" statements="169" coveredstatements="169" elements="176" coveredelements="176"/>
      </class>
      <line num="23" type="method" name="getModelLabel" visibility="public" complexity="1" crap="1" count="4"/>
      <line num="25" type="stmt" count="4"/>
      <line num="28" type="method" name="getPluralModelLabel" visibility="public" complexity="1" crap="1" count="7"/>
      <line num="30" type="stmt" count="7"/>
      <line num="38" type="method" name="form" visibility="public" complexity="1" crap="1" count="3"/>
      <line num="40" type="stmt" count="3"/>
      <line num="41" type="stmt" count="3"/>
      <line num="42" type="stmt" count="3"/>
      <line num="43" type="stmt" count="3"/>
      <line num="44" type="stmt" count="3"/>
      <line num="45" type="stmt" count="3"/>
      <line num="46" type="stmt" count="3"/>
      <line num="47" type="stmt" count="3"/>
      <line num="48" type="stmt" count="3"/>
      <line num="49" type="stmt" count="3"/>
      <line num="50" type="stmt" count="3"/>
      <line num="51" type="stmt" count="3"/>
      <line num="52" type="stmt" count="3"/>
      <line num="53" type="stmt" count="3"/>
      <line num="54" type="stmt" count="3"/>
      <line num="55" type="stmt" count="3"/>
      <line num="57" type="stmt" count="3"/>
      <line num="58" type="stmt" count="3"/>
      <line num="59" type="stmt" count="3"/>
      <line num="60" type="stmt" count="3"/>
      <line num="61" type="stmt" count="3"/>
      <line num="62" type="stmt" count="3"/>
      <line num="63" type="stmt" count="3"/>
      <line num="64" type="stmt" count="3"/>
      <line num="67" type="stmt" count="3"/>
      <line num="68" type="stmt" count="3"/>
      <line num="69" type="stmt" count="3"/>
      <line num="71" type="stmt" count="3"/>
      <line num="72" type="stmt" count="3"/>
      <line num="73" type="stmt" count="3"/>
      <line num="74" type="stmt" count="3"/>
      <line num="76" type="stmt" count="3"/>
      <line num="77" type="stmt" count="3"/>
      <line num="78" type="stmt" count="3"/>
      <line num="79" type="stmt" count="3"/>
      <line num="80" type="stmt" count="3"/>
      <line num="81" type="stmt" count="3"/>
      <line num="82" type="stmt" count="3"/>
      <line num="83" type="stmt" count="3"/>
      <line num="84" type="stmt" count="3"/>
      <line num="86" type="stmt" count="3"/>
      <line num="87" type="stmt" count="3"/>
      <line num="88" type="stmt" count="3"/>
      <line num="89" type="stmt" count="3"/>
      <line num="90" type="stmt" count="3"/>
      <line num="91" type="stmt" count="3"/>
      <line num="92" type="stmt" count="3"/>
      <line num="93" type="stmt" count="3"/>
      <line num="94" type="stmt" count="3"/>
      <line num="95" type="stmt" count="3"/>
      <line num="96" type="stmt" count="3"/>
      <line num="97" type="stmt" count="3"/>
      <line num="98" type="stmt" count="3"/>
      <line num="99" type="stmt" count="3"/>
      <line num="100" type="stmt" count="3"/>
      <line num="101" type="stmt" count="3"/>
      <line num="102" type="stmt" count="3"/>
      <line num="103" type="stmt" count="3"/>
      <line num="106" type="method" name="table" visibility="public" complexity="1" crap="1" count="1"/>
      <line num="108" type="stmt" count="1"/>
      <line num="109" type="stmt" count="1"/>
      <line num="110" type="stmt" count="1"/>
      <line num="111" type="stmt" count="1"/>
      <line num="112" type="stmt" count="1"/>
      <line num="113" type="stmt" count="1"/>
      <line num="114" type="stmt" count="1"/>
      <line num="115" type="stmt" count="1"/>
      <line num="116" type="stmt" count="1"/>
      <line num="117" type="stmt" count="1"/>
      <line num="118" type="stmt" count="1"/>
      <line num="119" type="stmt" count="1"/>
      <line num="120" type="stmt" count="1"/>
      <line num="121" type="stmt" count="1"/>
      <line num="122" type="stmt" count="1"/>
      <line num="123" type="stmt" count="1"/>
      <line num="124" type="stmt" count="1"/>
      <line num="125" type="stmt" count="1"/>
      <line num="126" type="stmt" count="1"/>
      <line num="127" type="stmt" count="1"/>
      <line num="128" type="stmt" count="1"/>
      <line num="129" type="stmt" count="1"/>
      <line num="130" type="stmt" count="1"/>
      <line num="131" type="stmt" count="1"/>
      <line num="132" type="stmt" count="1"/>
      <line num="133" type="stmt" count="1"/>
      <line num="134" type="stmt" count="1"/>
      <line num="135" type="stmt" count="1"/>
      <line num="136" type="stmt" count="1"/>
      <line num="137" type="stmt" count="1"/>
      <line num="138" type="stmt" count="1"/>
      <line num="139" type="stmt" count="1"/>
      <line num="140" type="stmt" count="1"/>
      <line num="141" type="stmt" count="1"/>
      <line num="142" type="stmt" count="1"/>
      <line num="143" type="stmt" count="1"/>
      <line num="144" type="stmt" count="1"/>
      <line num="145" type="stmt" count="1"/>
      <line num="146" type="stmt" count="1"/>
      <line num="147" type="stmt" count="1"/>
      <line num="148" type="stmt" count="1"/>
      <line num="149" type="stmt" count="1"/>
      <line num="150" type="stmt" count="1"/>
      <line num="151" type="stmt" count="1"/>
      <line num="152" type="stmt" count="1"/>
      <line num="153" type="stmt" count="1"/>
      <line num="154" type="stmt" count="1"/>
      <line num="155" type="stmt" count="1"/>
      <line num="156" type="stmt" count="1"/>
      <line num="157" type="stmt" count="1"/>
      <line num="158" type="stmt" count="1"/>
      <line num="159" type="stmt" count="1"/>
      <line num="160" type="stmt" count="1"/>
      <line num="161" type="stmt" count="1"/>
      <line num="162" type="stmt" count="1"/>
      <line num="163" type="stmt" count="1"/>
      <line num="164" type="stmt" count="1"/>
      <line num="165" type="stmt" count="1"/>
      <line num="166" type="stmt" count="1"/>
      <line num="167" type="stmt" count="1"/>
      <line num="168" type="stmt" count="1"/>
      <line num="169" type="stmt" count="1"/>
      <line num="170" type="stmt" count="1"/>
      <line num="172" type="stmt" count="1"/>
      <line num="173" type="stmt" count="1"/>
      <line num="174" type="stmt" count="1"/>
      <line num="175" type="stmt" count="1"/>
      <line num="176" type="stmt" count="1"/>
      <line num="177" type="stmt" count="1"/>
      <line num="178" type="stmt" count="1"/>
      <line num="179" type="stmt" count="1"/>
      <line num="181" type="stmt" count="1"/>
      <line num="182" type="stmt" count="1"/>
      <line num="183" type="stmt" count="1"/>
      <line num="184" type="stmt" count="1"/>
      <line num="185" type="stmt" count="1"/>
      <line num="186" type="stmt" count="1"/>
      <line num="187" type="stmt" count="1"/>
      <line num="188" type="stmt" count="1"/>
      <line num="190" type="stmt" count="1"/>
      <line num="191" type="stmt" count="1"/>
      <line num="192" type="stmt" count="1"/>
      <line num="193" type="stmt" count="1"/>
      <line num="194" type="stmt" count="1"/>
      <line num="195" type="stmt" count="1"/>
      <line num="196" type="stmt" count="1"/>
      <line num="197" type="stmt" count="1"/>
      <line num="198" type="stmt" count="1"/>
      <line num="199" type="stmt" count="1"/>
      <line num="200" type="stmt" count="1"/>
      <line num="201" type="stmt" count="1"/>
      <line num="202" type="stmt" count="1"/>
      <line num="203" type="stmt" count="1"/>
      <line num="204" type="stmt" count="1"/>
      <line num="205" type="stmt" count="1"/>
      <line num="206" type="stmt" count="1"/>
      <line num="207" type="stmt" count="1"/>
      <line num="210" type="method" name="getRelations" visibility="public" complexity="1" crap="1" count="111"/>
      <line num="212" type="stmt" count="111"/>
      <line num="213" type="stmt" count="111"/>
      <line num="214" type="stmt" count="111"/>
      <line num="217" type="method" name="getPages" visibility="public" complexity="1" crap="1" count="111"/>
      <line num="219" type="stmt" count="111"/>
      <line num="220" type="stmt" count="111"/>
      <line num="221" type="stmt" count="111"/>
      <line num="223" type="stmt" count="111"/>
      <line num="224" type="stmt" count="111"/>
      <line num="227" type="method" name="getEloquentQuery" visibility="public" complexity="1" crap="1" count="3"/>
      <line num="229" type="stmt" count="3"/>
      <line num="230" type="stmt" count="3"/>
      <line num="231" type="stmt" count="3"/>
      <line num="232" type="stmt" count="3"/>
      <metrics loc="235" ncloc="234" classes="1" methods="7" coveredmethods="7" conditionals="0" coveredconditionals="0" statements="169" coveredstatements="169" elements="176" coveredelements="176"/>
    </file>
    <file name="/home/kadir/Codes/apv1/app/Filament/Resources/IllnessNotificationResource/Pages/CreateIllnessNotification.php">
      <class name="App\Filament\Resources\IllnessNotificationResource\Pages\CreateIllnessNotification" namespace="global">
        <metrics complexity="0" methods="0" coveredmethods="0" conditionals="0" coveredconditionals="0" statements="0" coveredstatements="0" elements="0" coveredelements="0"/>
      </class>
      <metrics loc="13" ncloc="13" classes="0" methods="0" coveredmethods="0" conditionals="0" coveredconditionals="0" statements="0" coveredstatements="0" elements="0" coveredelements="0"/>
    </file>
    <file name="/home/kadir/Codes/apv1/app/Filament/Resources/IllnessNotificationResource/Pages/EditIllnessNotification.php">
      <class name="App\Filament\Resources\IllnessNotificationResource\Pages\EditIllnessNotification" namespace="global">
        <metrics complexity="2" methods="2" coveredmethods="2" conditionals="0" coveredconditionals="0" statements="15" coveredstatements="15" elements="17" coveredelements="17"/>
      </class>
      <line num="16" type="method" name="getHeaderActions" visibility="protected" complexity="1" crap="1" count="1"/>
      <line num="18" type="stmt" count="1"/>
      <line num="19" type="stmt" count="1"/>
      <line num="20" type="stmt" count="1"/>
      <line num="21" type="stmt" count="1"/>
      <line num="22" type="stmt" count="1"/>
      <line num="24" type="stmt" count="1"/>
      <line num="27" type="method" name="getFormActions" visibility="protected" complexity="1" crap="1" count="1"/>
      <line num="29" type="stmt" count="1"/>
      <line num="30" type="stmt" count="1"/>
      <line num="31" type="stmt" count="1"/>
      <line num="32" type="stmt" count="1"/>
      <line num="33" type="stmt" count="1"/>
      <line num="34" type="stmt" count="1"/>
      <line num="35" type="stmt" count="1"/>
      <line num="36" type="stmt" count="1"/>
      <line num="37" type="stmt" count="1"/>
      <metrics loc="40" ncloc="40" classes="1" methods="2" coveredmethods="2" conditionals="0" coveredconditionals="0" statements="15" coveredstatements="15" elements="17" coveredelements="17"/>
    </file>
    <file name="/home/kadir/Codes/apv1/app/Filament/Resources/IllnessNotificationResource/Pages/ListIllnessNotifications.php">
      <class name="App\Filament\Resources\IllnessNotificationResource\Pages\ListIllnessNotifications" namespace="global">
        <metrics complexity="1" methods="1" coveredmethods="1" conditionals="0" coveredconditionals="0" statements="3" coveredstatements="3" elements="4" coveredelements="4"/>
      </class>
      <line num="13" type="method" name="getHeaderActions" visibility="protected" complexity="1" crap="1" count="1"/>
      <line num="15" type="stmt" count="1"/>
      <line num="16" type="stmt" count="1"/>
      <line num="17" type="stmt" count="1"/>
      <metrics loc="20" ncloc="20" classes="1" methods="1" coveredmethods="1" conditionals="0" coveredconditionals="0" statements="3" coveredstatements="3" elements="4" coveredelements="4"/>
    </file>
    <file name="/home/kadir/Codes/apv1/app/Filament/Resources/IllnessNotificationResource/Pages/ViewIllnessNotification.php">
      <class name="App\Filament\Resources\IllnessNotificationResource\Pages\ViewIllnessNotification" namespace="global">
        <metrics complexity="1" methods="1" coveredmethods="1" conditionals="0" coveredconditionals="0" statements="3" coveredstatements="3" elements="4" coveredelements="4"/>
      </class>
      <line num="13" type="method" name="getHeaderActions" visibility="protected" complexity="1" crap="1" count="1"/>
      <line num="15" type="stmt" count="1"/>
      <line num="16" type="stmt" count="1"/>
      <line num="17" type="stmt" count="1"/>
      <metrics loc="20" ncloc="20" classes="1" methods="1" coveredmethods="1" conditionals="0" coveredconditionals="0" statements="3" coveredstatements="3" elements="4" coveredelements="4"/>
    </file>
    <file name="/home/kadir/Codes/apv1/app/Filament/Resources/IllnessNotificationResource/Widgets/StatsOverview.php">
      <class name="App\Filament\Resources\IllnessNotificationResource\Widgets\StatsOverview" namespace="global">
        <metrics complexity="7" methods="1" coveredmethods="0" conditionals="0" coveredconditionals="0" statements="45" coveredstatements="44" elements="46" coveredelements="44"/>
      </class>
      <line num="13" type="method" name="getStats" visibility="protected" complexity="7" crap="7" count="1"/>
      <line num="15" type="stmt" count="1"/>
      <line num="16" type="stmt" count="1"/>
      <line num="17" type="stmt" count="1"/>
      <line num="18" type="stmt" count="1"/>
      <line num="19" type="stmt" count="1"/>
      <line num="20" type="stmt" count="1"/>
      <line num="21" type="stmt" count="1"/>
      <line num="22" type="stmt" count="1"/>
      <line num="23" type="stmt" count="1"/>
      <line num="24" type="stmt" count="1"/>
      <line num="25" type="stmt" count="1"/>
      <line num="26" type="stmt" count="1"/>
      <line num="28" type="stmt" count="1"/>
      <line num="30" type="stmt" count="1"/>
      <line num="33" type="stmt" count="1"/>
      <line num="34" type="stmt" count="1"/>
      <line num="35" type="stmt" count="1"/>
      <line num="36" type="stmt" count="1"/>
      <line num="37" type="stmt" count="1"/>
      <line num="38" type="stmt" count="0"/>
      <line num="40" type="stmt" count="1"/>
      <line num="41" type="stmt" count="1"/>
      <line num="42" type="stmt" count="1"/>
      <line num="43" type="stmt" count="1"/>
      <line num="44" type="stmt" count="1"/>
      <line num="45" type="stmt" count="1"/>
      <line num="46" type="stmt" count="1"/>
      <line num="47" type="stmt" count="1"/>
      <line num="49" type="stmt" count="1"/>
      <line num="50" type="stmt" count="1"/>
      <line num="51" type="stmt" count="1"/>
      <line num="53" type="stmt" count="1"/>
      <line num="54" type="stmt" count="1"/>
      <line num="57" type="stmt" count="1"/>
      <line num="58" type="stmt" count="1"/>
      <line num="59" type="stmt" count="1"/>
      <line num="60" type="stmt" count="1"/>
      <line num="62" type="stmt" count="1"/>
      <line num="64" type="stmt" count="1"/>
      <line num="65" type="stmt" count="1"/>
      <line num="68" type="stmt" count="1"/>
      <line num="69" type="stmt" count="1"/>
      <line num="70" type="stmt" count="1"/>
      <line num="71" type="stmt" count="1"/>
      <line num="73" type="stmt" count="1"/>
      <metrics loc="76" ncloc="76" classes="1" methods="1" coveredmethods="0" conditionals="0" coveredconditionals="0" statements="45" coveredstatements="44" elements="46" coveredelements="44"/>
    </file>
    <file name="/home/kadir/Codes/apv1/app/Filament/Resources/PermissionResource.php">
      <class name="App\Filament\Resources\PermissionResource" namespace="global">
        <metrics complexity="5" methods="5" coveredmethods="5" conditionals="0" coveredconditionals="0" statements="69" coveredstatements="69" elements="74" coveredelements="74"/>
      </class>
      <line num="29" type="method" name="getNavigationGroup" visibility="public" complexity="1" crap="1" count="1"/>
      <line num="31" type="stmt" count="1"/>
      <line num="34" type="method" name="form" visibility="public" complexity="1" crap="1" count="1"/>
      <line num="36" type="stmt" count="1"/>
      <line num="37" type="stmt" count="1"/>
      <line num="38" type="stmt" count="1"/>
      <line num="39" type="stmt" count="1"/>
      <line num="40" type="stmt" count="1"/>
      <line num="41" type="stmt" count="1"/>
      <line num="42" type="stmt" count="1"/>
      <line num="43" type="stmt" count="1"/>
      <line num="44" type="stmt" count="1"/>
      <line num="45" type="stmt" count="1"/>
      <line num="46" type="stmt" count="1"/>
      <line num="47" type="stmt" count="1"/>
      <line num="48" type="stmt" count="1"/>
      <line num="49" type="stmt" count="1"/>
      <line num="50" type="stmt" count="1"/>
      <line num="51" type="stmt" count="1"/>
      <line num="52" type="stmt" count="1"/>
      <line num="53" type="stmt" count="1"/>
      <line num="54" type="stmt" count="1"/>
      <line num="55" type="stmt" count="1"/>
      <line num="56" type="stmt" count="1"/>
      <line num="57" type="stmt" count="1"/>
      <line num="58" type="stmt" count="1"/>
      <line num="59" type="stmt" count="1"/>
      <line num="60" type="stmt" count="1"/>
      <line num="61" type="stmt" count="1"/>
      <line num="62" type="stmt" count="1"/>
      <line num="63" type="stmt" count="1"/>
      <line num="64" type="stmt" count="1"/>
      <line num="65" type="stmt" count="1"/>
      <line num="66" type="stmt" count="1"/>
      <line num="67" type="stmt" count="1"/>
      <line num="68" type="stmt" count="1"/>
      <line num="69" type="stmt" count="1"/>
      <line num="70" type="stmt" count="1"/>
      <line num="71" type="stmt" count="1"/>
      <line num="74" type="method" name="table" visibility="public" complexity="1" crap="1" count="1"/>
      <line num="76" type="stmt" count="1"/>
      <line num="77" type="stmt" count="1"/>
      <line num="78" type="stmt" count="1"/>
      <line num="79" type="stmt" count="1"/>
      <line num="80" type="stmt" count="1"/>
      <line num="81" type="stmt" count="1"/>
      <line num="82" type="stmt" count="1"/>
      <line num="83" type="stmt" count="1"/>
      <line num="84" type="stmt" count="1"/>
      <line num="85" type="stmt" count="1"/>
      <line num="86" type="stmt" count="1"/>
      <line num="87" type="stmt" count="1"/>
      <line num="88" type="stmt" count="1"/>
      <line num="89" type="stmt" count="1"/>
      <line num="90" type="stmt" count="1"/>
      <line num="91" type="stmt" count="1"/>
      <line num="92" type="stmt" count="1"/>
      <line num="93" type="stmt" count="1"/>
      <line num="95" type="stmt" count="1"/>
      <line num="96" type="stmt" count="1"/>
      <line num="98" type="stmt" count="1"/>
      <line num="99" type="stmt" count="1"/>
      <line num="101" type="stmt" count="1"/>
      <line num="102" type="stmt" count="1"/>
      <line num="104" type="stmt" count="1"/>
      <line num="107" type="method" name="getRelations" visibility="public" complexity="1" crap="1" count="111"/>
      <line num="109" type="stmt" count="111"/>
      <line num="110" type="stmt" count="111"/>
      <line num="111" type="stmt" count="111"/>
      <line num="114" type="method" name="getPages" visibility="public" complexity="1" crap="1" count="111"/>
      <line num="116" type="stmt" count="111"/>
      <line num="117" type="stmt" count="111"/>
      <line num="120" type="stmt" count="111"/>
      <line num="121" type="stmt" count="111"/>
      <metrics loc="127" ncloc="125" classes="1" methods="5" coveredmethods="5" conditionals="0" coveredconditionals="0" statements="69" coveredstatements="69" elements="74" coveredelements="74"/>
    </file>
    <file name="/home/kadir/Codes/apv1/app/Filament/Resources/PermissionResource/Pages/EditPermission.php">
      <class name="App\Filament\Resources\PermissionResource\Pages\EditPermission" namespace="global">
        <metrics complexity="2" methods="2" coveredmethods="2" conditionals="0" coveredconditionals="0" statements="9" coveredstatements="9" elements="11" coveredelements="11"/>
      </class>
      <line num="13" type="method" name="getHeaderActions" visibility="protected" complexity="1" crap="1" count="1"/>
      <line num="15" type="stmt" count="1"/>
      <line num="16" type="stmt" count="1"/>
      <line num="17" type="stmt" count="1"/>
      <line num="18" type="stmt" count="1"/>
      <line num="19" type="stmt" count="1"/>
      <line num="20" type="stmt" count="1"/>
      <line num="23" type="method" name="getFormActions" visibility="protected" complexity="1" crap="1" count="1"/>
      <line num="25" type="stmt" count="1"/>
      <line num="26" type="stmt" count="1"/>
      <line num="27" type="stmt" count="1"/>
      <metrics loc="30" ncloc="30" classes="1" methods="2" coveredmethods="2" conditionals="0" coveredconditionals="0" statements="9" coveredstatements="9" elements="11" coveredelements="11"/>
    </file>
    <file name="/home/kadir/Codes/apv1/app/Filament/Resources/PermissionResource/Pages/ListPermissions.php">
      <class name="App\Filament\Resources\PermissionResource\Pages\ListPermissions" namespace="global">
        <metrics complexity="1" methods="1" coveredmethods="1" conditionals="0" coveredconditionals="0" statements="2" coveredstatements="2" elements="3" coveredelements="3"/>
      </class>
      <line num="13" type="method" name="getHeaderActions" visibility="protected" complexity="1" crap="1" count="1"/>
      <line num="15" type="stmt" count="1"/>
      <line num="17" type="stmt" count="1"/>
      <metrics loc="20" ncloc="20" classes="1" methods="1" coveredmethods="1" conditionals="0" coveredconditionals="0" statements="2" coveredstatements="2" elements="3" coveredelements="3"/>
    </file>
    <file name="/home/kadir/Codes/apv1/app/Filament/Resources/PermissionResource/RelationManagers/UsersRelationManager.php">
      <class name="App\Filament\Resources\PermissionResource\RelationManagers\UsersRelationManager" namespace="global">
        <metrics complexity="1" methods="1" coveredmethods="1" conditionals="0" coveredconditionals="0" statements="24" coveredstatements="24" elements="25" coveredelements="25"/>
      </class>
      <line num="27" type="method" name="table" visibility="public" complexity="1" crap="1" count="1"/>
      <line num="29" type="stmt" count="1"/>
      <line num="30" type="stmt" count="1"/>
      <line num="31" type="stmt" count="1"/>
      <line num="32" type="stmt" count="1"/>
      <line num="33" type="stmt" count="1"/>
      <line num="34" type="stmt" count="1"/>
      <line num="35" type="stmt" count="1"/>
      <line num="36" type="stmt" count="1"/>
      <line num="37" type="stmt" count="1"/>
      <line num="38" type="stmt" count="1"/>
      <line num="39" type="stmt" count="1"/>
      <line num="40" type="stmt" count="1"/>
      <line num="41" type="stmt" count="1"/>
      <line num="42" type="stmt" count="1"/>
      <line num="43" type="stmt" count="1"/>
      <line num="44" type="stmt" count="1"/>
      <line num="52" type="stmt" count="1"/>
      <line num="53" type="stmt" count="1"/>
      <line num="54" type="stmt" count="1"/>
      <line num="55" type="stmt" count="1"/>
      <line num="56" type="stmt" count="1"/>
      <line num="57" type="stmt" count="1"/>
      <line num="58" type="stmt" count="1"/>
      <line num="59" type="stmt" count="1"/>
      <metrics loc="69" ncloc="48" classes="1" methods="1" coveredmethods="1" conditionals="0" coveredconditionals="0" statements="24" coveredstatements="24" elements="25" coveredelements="25"/>
    </file>
    <file name="/home/kadir/Codes/apv1/app/Filament/Resources/SPProductResource.php">
      <class name="App\Filament\Resources\SPProductResource" namespace="global">
        <metrics complexity="6" methods="6" coveredmethods="6" conditionals="0" coveredconditionals="0" statements="73" coveredstatements="73" elements="79" coveredelements="79"/>
      </class>
      <line num="26" type="method" name="getModelLabel" visibility="public" complexity="1" crap="1" count="3"/>
      <line num="28" type="stmt" count="3"/>
      <line num="31" type="method" name="getPluralModelLabel" visibility="public" complexity="1" crap="1" count="3"/>
      <line num="33" type="stmt" count="3"/>
      <line num="36" type="method" name="form" visibility="public" complexity="1" crap="1" count="2"/>
      <line num="38" type="stmt" count="2"/>
      <line num="39" type="stmt" count="2"/>
      <line num="40" type="stmt" count="2"/>
      <line num="41" type="stmt" count="2"/>
      <line num="42" type="stmt" count="2"/>
      <line num="43" type="stmt" count="2"/>
      <line num="44" type="stmt" count="2"/>
      <line num="45" type="stmt" count="2"/>
      <line num="46" type="stmt" count="2"/>
      <line num="47" type="stmt" count="2"/>
      <line num="48" type="stmt" count="2"/>
      <line num="49" type="stmt" count="2"/>
      <line num="50" type="stmt" count="2"/>
      <line num="51" type="stmt" count="2"/>
      <line num="52" type="stmt" count="2"/>
      <line num="53" type="stmt" count="2"/>
      <line num="54" type="stmt" count="2"/>
      <line num="55" type="stmt" count="2"/>
      <line num="56" type="stmt" count="2"/>
      <line num="57" type="stmt" count="2"/>
      <line num="58" type="stmt" count="2"/>
      <line num="59" type="stmt" count="2"/>
      <line num="60" type="stmt" count="2"/>
      <line num="61" type="stmt" count="2"/>
      <line num="62" type="stmt" count="2"/>
      <line num="63" type="stmt" count="2"/>
      <line num="66" type="method" name="table" visibility="public" complexity="1" crap="1" count="1"/>
      <line num="68" type="stmt" count="1"/>
      <line num="69" type="stmt" count="1"/>
      <line num="70" type="stmt" count="1"/>
      <line num="71" type="stmt" count="1"/>
      <line num="72" type="stmt" count="1"/>
      <line num="73" type="stmt" count="1"/>
      <line num="74" type="stmt" count="1"/>
      <line num="75" type="stmt" count="1"/>
      <line num="76" type="stmt" count="1"/>
      <line num="77" type="stmt" count="1"/>
      <line num="78" type="stmt" count="1"/>
      <line num="79" type="stmt" count="1"/>
      <line num="80" type="stmt" count="1"/>
      <line num="81" type="stmt" count="1"/>
      <line num="82" type="stmt" count="1"/>
      <line num="83" type="stmt" count="1"/>
      <line num="84" type="stmt" count="1"/>
      <line num="85" type="stmt" count="1"/>
      <line num="86" type="stmt" count="1"/>
      <line num="87" type="stmt" count="1"/>
      <line num="88" type="stmt" count="1"/>
      <line num="89" type="stmt" count="1"/>
      <line num="90" type="stmt" count="1"/>
      <line num="91" type="stmt" count="1"/>
      <line num="92" type="stmt" count="1"/>
      <line num="93" type="stmt" count="1"/>
      <line num="94" type="stmt" count="1"/>
      <line num="95" type="stmt" count="1"/>
      <line num="96" type="stmt" count="1"/>
      <line num="97" type="stmt" count="1"/>
      <line num="98" type="stmt" count="1"/>
      <line num="99" type="stmt" count="1"/>
      <line num="100" type="stmt" count="1"/>
      <line num="101" type="stmt" count="1"/>
      <line num="102" type="stmt" count="1"/>
      <line num="103" type="stmt" count="1"/>
      <line num="106" type="method" name="getRelations" visibility="public" complexity="1" crap="1" count="111"/>
      <line num="108" type="stmt" count="111"/>
      <line num="109" type="stmt" count="111"/>
      <line num="110" type="stmt" count="111"/>
      <line num="113" type="method" name="getPages" visibility="public" complexity="1" crap="1" count="111"/>
      <line num="115" type="stmt" count="111"/>
      <line num="116" type="stmt" count="111"/>
      <line num="117" type="stmt" count="111"/>
      <line num="118" type="stmt" count="111"/>
      <line num="119" type="stmt" count="111"/>
      <line num="120" type="stmt" count="111"/>
      <metrics loc="125" ncloc="125" classes="1" methods="6" coveredmethods="6" conditionals="0" coveredconditionals="0" statements="73" coveredstatements="73" elements="79" coveredelements="79"/>
    </file>
    <file name="/home/kadir/Codes/apv1/app/Filament/Resources/SPProductResource/Pages/CreateSPProduct.php">
      <class name="App\Filament\Resources\SPProductResource\Pages\CreateSPProduct" namespace="global">
        <metrics complexity="0" methods="0" coveredmethods="0" conditionals="0" coveredconditionals="0" statements="0" coveredstatements="0" elements="0" coveredelements="0"/>
      </class>
      <metrics loc="13" ncloc="13" classes="0" methods="0" coveredmethods="0" conditionals="0" coveredconditionals="0" statements="0" coveredstatements="0" elements="0" coveredelements="0"/>
    </file>
    <file name="/home/kadir/Codes/apv1/app/Filament/Resources/SPProductResource/Pages/EditSPProduct.php">
      <class name="App\Filament\Resources\SPProductResource\Pages\EditSPProduct" namespace="global">
        <metrics complexity="1" methods="1" coveredmethods="1" conditionals="0" coveredconditionals="0" statements="6" coveredstatements="6" elements="7" coveredelements="7"/>
      </class>
      <line num="13" type="method" name="getHeaderActions" visibility="protected" complexity="1" crap="1" count="1"/>
      <line num="15" type="stmt" count="1"/>
      <line num="16" type="stmt" count="1"/>
      <line num="17" type="stmt" count="1"/>
      <line num="18" type="stmt" count="1"/>
      <line num="19" type="stmt" count="1"/>
      <line num="20" type="stmt" count="1"/>
      <metrics loc="23" ncloc="23" classes="1" methods="1" coveredmethods="1" conditionals="0" coveredconditionals="0" statements="6" coveredstatements="6" elements="7" coveredelements="7"/>
    </file>
    <file name="/home/kadir/Codes/apv1/app/Filament/Resources/SPProductResource/Pages/ListSPProducts.php">
      <class name="App\Filament\Resources\SPProductResource\Pages\ListSPProducts" namespace="global">
        <metrics complexity="1" methods="1" coveredmethods="1" conditionals="0" coveredconditionals="0" statements="3" coveredstatements="3" elements="4" coveredelements="4"/>
      </class>
      <line num="13" type="method" name="getHeaderActions" visibility="protected" complexity="1" crap="1" count="1"/>
      <line num="15" type="stmt" count="1"/>
      <line num="16" type="stmt" count="1"/>
      <line num="17" type="stmt" count="1"/>
      <metrics loc="20" ncloc="20" classes="1" methods="1" coveredmethods="1" conditionals="0" coveredconditionals="0" statements="3" coveredstatements="3" elements="4" coveredelements="4"/>
    </file>
    <file name="/home/kadir/Codes/apv1/app/Filament/Resources/SPProductResource/Pages/ViewSPProduct.php">
      <class name="App\Filament\Resources\SPProductResource\Pages\ViewSPProduct" namespace="global">
        <metrics complexity="1" methods="1" coveredmethods="1" conditionals="0" coveredconditionals="0" statements="3" coveredstatements="3" elements="4" coveredelements="4"/>
      </class>
      <line num="13" type="method" name="getHeaderActions" visibility="protected" complexity="1" crap="1" count="1"/>
      <line num="15" type="stmt" count="1"/>
      <line num="16" type="stmt" count="1"/>
      <line num="17" type="stmt" count="1"/>
      <metrics loc="20" ncloc="20" classes="1" methods="1" coveredmethods="1" conditionals="0" coveredconditionals="0" statements="3" coveredstatements="3" elements="4" coveredelements="4"/>
    </file>
    <file name="/home/kadir/Codes/apv1/app/Filament/Resources/UserResource.php">
      <class name="App\Filament\Resources\UserResource" namespace="global">
        <metrics complexity="9" methods="7" coveredmethods="6" conditionals="0" coveredconditionals="0" statements="265" coveredstatements="261" elements="272" coveredelements="267"/>
      </class>
      <line num="50" type="method" name="getModelLabel" visibility="public" complexity="1" crap="1" count="20"/>
      <line num="52" type="stmt" count="20"/>
      <line num="55" type="method" name="getPluralModelLabel" visibility="public" complexity="1" crap="1" count="15"/>
      <line num="57" type="stmt" count="15"/>
      <line num="60" type="method" name="form" visibility="public" complexity="3" crap="3" count="16"/>
      <line num="62" type="stmt" count="16"/>
      <line num="63" type="stmt" count="16"/>
      <line num="65" type="stmt" count="16"/>
      <line num="66" type="stmt" count="16"/>
      <line num="67" type="stmt" count="16"/>
      <line num="68" type="stmt" count="16"/>
      <line num="69" type="stmt" count="16"/>
      <line num="70" type="stmt" count="16"/>
      <line num="71" type="stmt" count="16"/>
      <line num="72" type="stmt" count="16"/>
      <line num="73" type="stmt" count="16"/>
      <line num="74" type="stmt" count="16"/>
      <line num="75" type="stmt" count="16"/>
      <line num="76" type="stmt" count="16"/>
      <line num="77" type="stmt" count="16"/>
      <line num="78" type="stmt" count="16"/>
      <line num="79" type="stmt" count="16"/>
      <line num="80" type="stmt" count="16"/>
      <line num="81" type="stmt" count="16"/>
      <line num="82" type="stmt" count="16"/>
      <line num="83" type="stmt" count="16"/>
      <line num="84" type="stmt" count="16"/>
      <line num="85" type="stmt" count="16"/>
      <line num="86" type="stmt" count="16"/>
      <line num="87" type="stmt" count="16"/>
      <line num="88" type="stmt" count="16"/>
      <line num="89" type="stmt" count="16"/>
      <line num="90" type="stmt" count="16"/>
      <line num="91" type="stmt" count="16"/>
      <line num="92" type="stmt" count="16"/>
      <line num="93" type="stmt" count="16"/>
      <line num="94" type="stmt" count="16"/>
      <line num="95" type="stmt" count="16"/>
      <line num="96" type="stmt" count="16"/>
      <line num="97" type="stmt" count="16"/>
      <line num="98" type="stmt" count="16"/>
      <line num="99" type="stmt" count="16"/>
      <line num="100" type="stmt" count="16"/>
      <line num="101" type="stmt" count="16"/>
      <line num="102" type="stmt" count="16"/>
      <line num="103" type="stmt" count="16"/>
      <line num="104" type="stmt" count="16"/>
      <line num="105" type="stmt" count="16"/>
      <line num="106" type="stmt" count="16"/>
      <line num="107" type="stmt" count="16"/>
      <line num="108" type="stmt" count="13"/>
      <line num="109" type="stmt" count="13"/>
      <line num="110" type="stmt" count="13"/>
      <line num="111" type="stmt" count="13"/>
      <line num="112" type="stmt" count="16"/>
      <line num="113" type="stmt" count="16"/>
      <line num="114" type="stmt" count="16"/>
      <line num="115" type="stmt" count="16"/>
      <line num="116" type="stmt" count="16"/>
      <line num="117" type="stmt" count="16"/>
      <line num="118" type="stmt" count="16"/>
      <line num="119" type="stmt" count="16"/>
      <line num="120" type="stmt" count="16"/>
      <line num="121" type="stmt" count="16"/>
      <line num="122" type="stmt" count="16"/>
      <line num="124" type="stmt" count="16"/>
      <line num="125" type="stmt" count="16"/>
      <line num="126" type="stmt" count="16"/>
      <line num="127" type="stmt" count="16"/>
      <line num="128" type="stmt" count="16"/>
      <line num="129" type="stmt" count="16"/>
      <line num="130" type="stmt" count="16"/>
      <line num="131" type="stmt" count="16"/>
      <line num="132" type="stmt" count="16"/>
      <line num="133" type="stmt" count="16"/>
      <line num="134" type="stmt" count="16"/>
      <line num="135" type="stmt" count="16"/>
      <line num="136" type="stmt" count="16"/>
      <line num="137" type="stmt" count="0"/>
      <line num="138" type="stmt" count="0"/>
      <line num="139" type="stmt" count="0"/>
      <line num="141" type="stmt" count="0"/>
      <line num="143" type="stmt" count="16"/>
      <line num="144" type="stmt" count="16"/>
      <line num="145" type="stmt" count="16"/>
      <line num="146" type="stmt" count="16"/>
      <line num="147" type="stmt" count="16"/>
      <line num="148" type="stmt" count="5"/>
      <line num="149" type="stmt" count="5"/>
      <line num="150" type="stmt" count="16"/>
      <line num="151" type="stmt" count="16"/>
      <line num="152" type="stmt" count="16"/>
      <line num="153" type="stmt" count="16"/>
      <line num="154" type="stmt" count="16"/>
      <line num="157" type="method" name="infolist" visibility="public" complexity="1" crap="1" count="1"/>
      <line num="160" type="stmt" count="1"/>
      <line num="161" type="stmt" count="1"/>
      <line num="162" type="stmt" count="1"/>
      <line num="164" type="stmt" count="1"/>
      <line num="165" type="stmt" count="1"/>
      <line num="166" type="stmt" count="1"/>
      <line num="167" type="stmt" count="1"/>
      <line num="168" type="stmt" count="1"/>
      <line num="169" type="stmt" count="1"/>
      <line num="172" type="stmt" count="1"/>
      <line num="173" type="stmt" count="1"/>
      <line num="174" type="stmt" count="1"/>
      <line num="175" type="stmt" count="1"/>
      <line num="176" type="stmt" count="1"/>
      <line num="177" type="stmt" count="1"/>
      <line num="178" type="stmt" count="1"/>
      <line num="179" type="stmt" count="1"/>
      <line num="180" type="stmt" count="1"/>
      <line num="182" type="stmt" count="1"/>
      <line num="183" type="stmt" count="1"/>
      <line num="184" type="stmt" count="1"/>
      <line num="185" type="stmt" count="1"/>
      <line num="186" type="stmt" count="1"/>
      <line num="188" type="stmt" count="1"/>
      <line num="189" type="stmt" count="1"/>
      <line num="190" type="stmt" count="1"/>
      <line num="192" type="stmt" count="1"/>
      <line num="193" type="stmt" count="1"/>
      <line num="194" type="stmt" count="1"/>
      <line num="195" type="stmt" count="1"/>
      <line num="197" type="stmt" count="1"/>
      <line num="198" type="stmt" count="1"/>
      <line num="199" type="stmt" count="1"/>
      <line num="200" type="stmt" count="1"/>
      <line num="202" type="stmt" count="1"/>
      <line num="203" type="stmt" count="1"/>
      <line num="204" type="stmt" count="1"/>
      <line num="205" type="stmt" count="1"/>
      <line num="206" type="stmt" count="1"/>
      <line num="209" type="stmt" count="1"/>
      <line num="212" type="stmt" count="1"/>
      <line num="213" type="stmt" count="1"/>
      <line num="214" type="stmt" count="1"/>
      <line num="215" type="stmt" count="1"/>
      <line num="216" type="stmt" count="1"/>
      <line num="217" type="stmt" count="1"/>
      <line num="218" type="stmt" count="1"/>
      <line num="219" type="stmt" count="1"/>
      <line num="220" type="stmt" count="1"/>
      <line num="221" type="stmt" count="1"/>
      <line num="222" type="stmt" count="1"/>
      <line num="223" type="stmt" count="1"/>
      <line num="224" type="stmt" count="1"/>
      <line num="225" type="stmt" count="1"/>
      <line num="226" type="stmt" count="1"/>
      <line num="227" type="stmt" count="1"/>
      <line num="228" type="stmt" count="1"/>
      <line num="229" type="stmt" count="1"/>
      <line num="230" type="stmt" count="1"/>
      <line num="231" type="stmt" count="1"/>
      <line num="232" type="stmt" count="1"/>
      <line num="233" type="stmt" count="1"/>
      <line num="234" type="stmt" count="1"/>
      <line num="235" type="stmt" count="1"/>
      <line num="236" type="stmt" count="1"/>
      <line num="237" type="stmt" count="1"/>
      <line num="238" type="stmt" count="1"/>
      <line num="239" type="stmt" count="1"/>
      <line num="240" type="stmt" count="1"/>
      <line num="241" type="stmt" count="1"/>
      <line num="242" type="stmt" count="1"/>
      <line num="243" type="stmt" count="1"/>
      <line num="244" type="stmt" count="1"/>
      <line num="245" type="stmt" count="1"/>
      <line num="246" type="stmt" count="1"/>
      <line num="247" type="stmt" count="1"/>
      <line num="248" type="stmt" count="1"/>
      <line num="249" type="stmt" count="1"/>
      <line num="250" type="stmt" count="1"/>
      <line num="251" type="stmt" count="1"/>
      <line num="252" type="stmt" count="1"/>
      <line num="253" type="stmt" count="1"/>
      <line num="254" type="stmt" count="1"/>
      <line num="255" type="stmt" count="1"/>
      <line num="256" type="stmt" count="1"/>
      <line num="257" type="stmt" count="1"/>
      <line num="258" type="stmt" count="1"/>
      <line num="259" type="stmt" count="1"/>
      <line num="260" type="stmt" count="1"/>
      <line num="261" type="stmt" count="1"/>
      <line num="262" type="stmt" count="1"/>
      <line num="263" type="stmt" count="1"/>
      <line num="264" type="stmt" count="1"/>
      <line num="265" type="stmt" count="1"/>
      <line num="266" type="stmt" count="1"/>
      <line num="267" type="stmt" count="1"/>
      <line num="268" type="stmt" count="1"/>
      <line num="269" type="stmt" count="1"/>
      <line num="270" type="stmt" count="1"/>
      <line num="271" type="stmt" count="1"/>
      <line num="272" type="stmt" count="1"/>
      <line num="273" type="stmt" count="1"/>
      <line num="274" type="stmt" count="1"/>
      <line num="275" type="stmt" count="1"/>
      <line num="276" type="stmt" count="1"/>
      <line num="278" type="stmt" count="1"/>
      <line num="283" type="method" name="table" visibility="public" complexity="1" crap="1" count="6"/>
      <line num="285" type="stmt" count="6"/>
      <line num="286" type="stmt" count="6"/>
      <line num="287" type="stmt" count="6"/>
[...]
      <metrics loc="21" ncloc="21" classes="1" methods="1" coveredmethods="0" conditionals="0" coveredconditionals="0" statements="1" coveredstatements="0" elements="2" coveredelements="0"/>
    </file>
    <file name="/home/kadir/Codes/apv1/app/Models/User.php">
      <class name="App\Models\User" namespace="global">
        <metrics complexity="9" methods="8" coveredmethods="8" conditionals="0" coveredconditionals="0" statements="15" coveredstatements="15" elements="23" coveredelements="23"/>
      </class>
      <line num="58" type="method" name="getFullNameAttribute" visibility="public" complexity="1" crap="1" count="24"/>
      <line num="60" type="stmt" count="24"/>
      <line num="71" type="method" name="getFilamentAvatarUrl" visibility="public" complexity="2" crap="2" count="7"/>
      <line num="73" type="stmt" count="7"/>
      <line num="74" type="stmt" count="6"/>
      <line num="76" type="stmt" count="1"/>
      <line num="86" type="method" name="getFilamentName" visibility="public" complexity="1" crap="1" count="7"/>
      <line num="88" type="stmt" count="7"/>
      <line num="96" type="method" name="casts" visibility="protected" complexity="1" crap="1" count="111"/>
      <line num="98" type="stmt" count="111"/>
      <line num="99" type="stmt" count="111"/>
      <line num="100" type="stmt" count="111"/>
      <line num="101" type="stmt" count="111"/>
      <line num="102" type="stmt" count="111"/>
      <line num="112" type="method" name="department_user" visibility="public" complexity="1" crap="1" count="21"/>
      <line num="114" type="stmt" count="21"/>
      <line num="126" type="method" name="departments" visibility="public" complexity="1" crap="1" count="9"/>
      <line num="128" type="stmt" count="9"/>
      <line num="129" type="stmt" count="9"/>
      <line num="139" type="method" name="illness_notifications" visibility="public" complexity="1" crap="1" count="4"/>
      <line num="141" type="stmt" count="4"/>
      <line num="153" type="method" name="canAccessPanel" visibility="public" complexity="1" crap="1" count="39"/>
      <line num="155" type="stmt" count="39"/>
      <metrics loc="158" ncloc="80" classes="1" methods="8" coveredmethods="8" conditionals="0" coveredconditionals="0" statements="15" coveredstatements="15" elements="23" coveredelements="23"/>
    </file>
    <file name="/home/kadir/Codes/apv1/app/Policies/BillPolicy.php">
      <class name="App\Policies\BillPolicy" namespace="global">
        <metrics complexity="9" methods="9" coveredmethods="7" conditionals="0" coveredconditionals="0" statements="9" coveredstatements="7" elements="18" coveredelements="14"/>
      </class>
      <line num="14" type="method" name="viewAny" visibility="public" complexity="1" crap="1" count="11"/>
      <line num="16" type="stmt" count="11"/>
      <line num="22" type="method" name="view" visibility="public" complexity="1" crap="1" count="3"/>
      <line num="24" type="stmt" count="3"/>
      <line num="30" type="method" name="create" visibility="public" complexity="1" crap="1" count="3"/>
      <line num="32" type="stmt" count="3"/>
      <line num="38" type="method" name="update" visibility="public" complexity="1" crap="1" count="3"/>
      <line num="40" type="stmt" count="3"/>
      <line num="46" type="method" name="delete" visibility="public" complexity="1" crap="1" count="1"/>
      <line num="48" type="stmt" count="1"/>
      <line num="54" type="method" name="restore" visibility="public" complexity="1" crap="1" count="1"/>
      <line num="56" type="stmt" count="1"/>
      <line num="62" type="method" name="forceDelete" visibility="public" complexity="1" crap="1" count="1"/>
      <line num="64" type="stmt" count="1"/>
      <line num="67" type="method" name="replicateBill" visibility="public" complexity="1" crap="2" count="0"/>
      <line num="69" type="stmt" count="0"/>
      <line num="72" type="method" name="reorderBill" visibility="public" complexity="1" crap="2" count="0"/>
      <line num="74" type="stmt" count="0"/>
      <metrics loc="77" ncloc="56" classes="1" methods="9" coveredmethods="7" conditionals="0" coveredconditionals="0" statements="9" coveredstatements="7" elements="18" coveredelements="14"/>
    </file>
    <file name="/home/kadir/Codes/apv1/app/Policies/CustomerPolicy.php">
      <class name="App\Policies\CustomerPolicy" namespace="global">
        <metrics complexity="9" methods="9" coveredmethods="7" conditionals="0" coveredconditionals="0" statements="9" coveredstatements="7" elements="18" coveredelements="14"/>
      </class>
      <line num="14" type="method" name="viewAny" visibility="public" complexity="1" crap="1" count="13"/>
      <line num="16" type="stmt" count="13"/>
      <line num="22" type="method" name="view" visibility="public" complexity="1" crap="1" count="2"/>
      <line num="24" type="stmt" count="2"/>
      <line num="30" type="method" name="create" visibility="public" complexity="1" crap="1" count="6"/>
      <line num="32" type="stmt" count="6"/>
      <line num="38" type="method" name="update" visibility="public" complexity="1" crap="1" count="5"/>
      <line num="40" type="stmt" count="5"/>
      <line num="46" type="method" name="delete" visibility="public" complexity="1" crap="1" count="3"/>
      <line num="48" type="stmt" count="3"/>
      <line num="54" type="method" name="restore" visibility="public" complexity="1" crap="1" count="1"/>
      <line num="56" type="stmt" count="1"/>
      <line num="62" type="method" name="forceDelete" visibility="public" complexity="1" crap="1" count="1"/>
      <line num="64" type="stmt" count="1"/>
      <line num="67" type="method" name="replicateCustomer" visibility="public" complexity="1" crap="2" count="0"/>
      <line num="69" type="stmt" count="0"/>
      <line num="72" type="method" name="reorderCustomer" visibility="public" complexity="1" crap="2" count="0"/>
      <line num="74" type="stmt" count="0"/>
      <metrics loc="77" ncloc="56" classes="1" methods="9" coveredmethods="7" conditionals="0" coveredconditionals="0" statements="9" coveredstatements="7" elements="18" coveredelements="14"/>
    </file>
    <file name="/home/kadir/Codes/apv1/app/Policies/DepartmentPolicy.php">
      <class name="App\Policies\DepartmentPolicy" namespace="global">
        <metrics complexity="9" methods="9" coveredmethods="7" conditionals="0" coveredconditionals="0" statements="9" coveredstatements="7" elements="18" coveredelements="14"/>
      </class>
      <line num="14" type="method" name="viewAny" visibility="public" complexity="1" crap="1" count="11"/>
      <line num="16" type="stmt" count="11"/>
      <line num="22" type="method" name="view" visibility="public" complexity="1" crap="1" count="1"/>
      <line num="24" type="stmt" count="1"/>
      <line num="30" type="method" name="create" visibility="public" complexity="1" crap="1" count="4"/>
      <line num="32" type="stmt" count="4"/>
      <line num="39" type="method" name="update" visibility="public" complexity="1" crap="1" count="3"/>
      <line num="41" type="stmt" count="3"/>
      <line num="48" type="method" name="delete" visibility="public" complexity="1" crap="1" count="1"/>
      <line num="50" type="stmt" count="1"/>
      <line num="56" type="method" name="restore" visibility="public" complexity="1" crap="1" count="1"/>
      <line num="58" type="stmt" count="1"/>
      <line num="64" type="method" name="forceDelete" visibility="public" complexity="1" crap="1" count="1"/>
      <line num="66" type="stmt" count="1"/>
      <line num="68" type="method" name="replicateUser" visibility="public" complexity="1" crap="2" count="0"/>
      <line num="70" type="stmt" count="0"/>
      <line num="73" type="method" name="reorderUser" visibility="public" complexity="1" crap="2" count="0"/>
      <line num="75" type="stmt" count="0"/>
      <metrics loc="78" ncloc="57" classes="1" methods="9" coveredmethods="7" conditionals="0" coveredconditionals="0" statements="9" coveredstatements="7" elements="18" coveredelements="14"/>
    </file>
    <file name="/home/kadir/Codes/apv1/app/Policies/IllnessNotificationPolicy.php">
      <class name="App\Policies\IllnessNotificationPolicy" namespace="global">
        <metrics complexity="10" methods="9" coveredmethods="7" conditionals="0" coveredconditionals="0" statements="9" coveredstatements="7" elements="18" coveredelements="14"/>
      </class>
      <line num="14" type="method" name="viewAny" visibility="public" complexity="1" crap="1" count="12"/>
      <line num="16" type="stmt" count="12"/>
      <line num="22" type="method" name="view" visibility="public" complexity="2" crap="2" count="2"/>
      <line num="24" type="stmt" count="2"/>
      <line num="30" type="method" name="create" visibility="public" complexity="1" crap="1" count="4"/>
      <line num="32" type="stmt" count="4"/>
      <line num="38" type="method" name="update" visibility="public" complexity="1" crap="1" count="2"/>
      <line num="40" type="stmt" count="2"/>
      <line num="46" type="method" name="delete" visibility="public" complexity="1" crap="1" count="1"/>
      <line num="48" type="stmt" count="1"/>
      <line num="54" type="method" name="restore" visibility="public" complexity="1" crap="1" count="1"/>
      <line num="56" type="stmt" count="1"/>
      <line num="62" type="method" name="forceDelete" visibility="public" complexity="1" crap="1" count="1"/>
      <line num="64" type="stmt" count="1"/>
      <line num="67" type="method" name="replicateUser" visibility="public" complexity="1" crap="2" count="0"/>
      <line num="69" type="stmt" count="0"/>
      <line num="72" type="method" name="reorderUser" visibility="public" complexity="1" crap="2" count="0"/>
      <line num="74" type="stmt" count="0"/>
      <metrics loc="77" ncloc="56" classes="1" methods="9" coveredmethods="7" conditionals="0" coveredconditionals="0" statements="9" coveredstatements="7" elements="18" coveredelements="14"/>
    </file>
    <file name="/home/kadir/Codes/apv1/app/Policies/PermissionPolicy.php">
      <class name="App\Policies\PermissionPolicy" namespace="global">
        <metrics complexity="8" methods="7" coveredmethods="2" conditionals="0" coveredconditionals="0" statements="9" coveredstatements="4" elements="16" coveredelements="6"/>
      </class>
      <line num="14" type="method" name="viewAny" visibility="public" complexity="2" crap="2" count="10"/>
      <line num="16" type="stmt" count="10"/>
      <line num="17" type="stmt" count="10"/>
      <line num="18" type="stmt" count="10"/>
      <line num="24" type="method" name="view" visibility="public" complexity="1" crap="2" count="0"/>
      <line num="26" type="stmt" count="0"/>
      <line num="32" type="method" name="create" visibility="public" complexity="1" crap="2" count="0"/>
      <line num="34" type="stmt" count="0"/>
      <line num="40" type="method" name="update" visibility="public" complexity="1" crap="1" count="2"/>
      <line num="42" type="stmt" count="2"/>
      <line num="48" type="method" name="delete" visibility="public" complexity="1" crap="2" count="0"/>
      <line num="50" type="stmt" count="0"/>
      <line num="56" type="method" name="restore" visibility="public" complexity="1" crap="2" count="0"/>
      <line num="58" type="stmt" count="0"/>
      <line num="64" type="method" name="forceDelete" visibility="public" complexity="1" crap="2" count="0"/>
      <line num="66" type="stmt" count="0"/>
      <metrics loc="69" ncloc="48" classes="1" methods="7" coveredmethods="2" conditionals="0" coveredconditionals="0" statements="9" coveredstatements="4" elements="16" coveredelements="6"/>
    </file>
    <file name="/home/kadir/Codes/apv1/app/Policies/SPProductPolicy.php">
      <class name="App\Policies\SPProductPolicy" namespace="global">
        <metrics complexity="9" methods="9" coveredmethods="7" conditionals="0" coveredconditionals="0" statements="9" coveredstatements="7" elements="18" coveredelements="14"/>
      </class>
      <line num="14" type="method" name="viewAny" visibility="public" complexity="1" crap="1" count="12"/>
      <line num="16" type="stmt" count="12"/>
      <line num="22" type="method" name="view" visibility="public" complexity="1" crap="1" count="3"/>
      <line num="24" type="stmt" count="3"/>
      <line num="30" type="method" name="create" visibility="public" complexity="1" crap="1" count="4"/>
      <line num="32" type="stmt" count="4"/>
      <line num="38" type="method" name="update" visibility="public" complexity="1" crap="1" count="4"/>
      <line num="40" type="stmt" count="4"/>
      <line num="46" type="method" name="delete" visibility="public" complexity="1" crap="1" count="1"/>
      <line num="48" type="stmt" count="1"/>
      <line num="54" type="method" name="restore" visibility="public" complexity="1" crap="1" count="1"/>
      <line num="56" type="stmt" count="1"/>
      <line num="62" type="method" name="forceDelete" visibility="public" complexity="1" crap="1" count="1"/>
      <line num="64" type="stmt" count="1"/>
      <line num="67" type="method" name="replicateSPProduct" visibility="public" complexity="1" crap="2" count="0"/>
      <line num="69" type="stmt" count="0"/>
      <line num="72" type="method" name="reorderSPProduct" visibility="public" complexity="1" crap="2" count="0"/>
      <line num="74" type="stmt" count="0"/>
      <metrics loc="77" ncloc="56" classes="1" methods="9" coveredmethods="7" conditionals="0" coveredconditionals="0" statements="9" coveredstatements="7" elements="18" coveredelements="14"/>
    </file>
    <file name="/home/kadir/Codes/apv1/app/Policies/UserPolicy.php">
      <class name="App\Policies\UserPolicy" namespace="global">
        <metrics complexity="13" methods="9" coveredmethods="7" conditionals="0" coveredconditionals="0" statements="9" coveredstatements="7" elements="18" coveredelements="14"/>
      </class>
      <line num="13" type="method" name="viewAny" visibility="public" complexity="2" crap="2" count="26"/>
      <line num="15" type="stmt" count="26"/>
      <line num="21" type="method" name="view" visibility="public" complexity="2" crap="2" count="8"/>
      <line num="23" type="stmt" count="8"/>
      <line num="29" type="method" name="create" visibility="public" complexity="1" crap="1" count="13"/>
      <line num="31" type="stmt" count="13"/>
      <line num="37" type="method" name="update" visibility="public" complexity="2" crap="2" count="15"/>
      <line num="39" type="stmt" count="15"/>
      <line num="45" type="method" name="delete" visibility="public" complexity="2" crap="2" count="14"/>
      <line num="47" type="stmt" count="14"/>
      <line num="53" type="method" name="restore" visibility="public" complexity="1" crap="1" count="8"/>
      <line num="55" type="stmt" count="8"/>
      <line num="61" type="method" name="forceDelete" visibility="public" complexity="1" crap="1" count="8"/>
      <line num="63" type="stmt" count="8"/>
      <line num="66" type="method" name="replicateUser" visibility="public" complexity="1" crap="2" count="0"/>
      <line num="68" type="stmt" count="0"/>
      <line num="71" type="method" name="reorderUser" visibility="public" complexity="1" crap="2" count="0"/>
      <line num="73" type="stmt" count="0"/>
      <metrics loc="76" ncloc="55" classes="1" methods="9" coveredmethods="7" conditionals="0" coveredconditionals="0" statements="9" coveredstatements="7" elements="18" coveredelements="14"/>
    </file>
    <file name="/home/kadir/Codes/apv1/app/Providers/AppServiceProvider.php">
      <class name="App\Providers\AppServiceProvider" namespace="global">
        <metrics complexity="2" methods="2" coveredmethods="2" conditionals="0" coveredconditionals="0" statements="2" coveredstatements="2" elements="4" coveredelements="4"/>
      </class>
      <line num="12" type="method" name="register" visibility="public" complexity="1" crap="1" count="111"/>
      <line num="15" type="stmt" count="111"/>
      <line num="20" type="method" name="boot" visibility="public" complexity="1" crap="1" count="111"/>
      <line num="23" type="stmt" count="111"/>
      <metrics loc="25" ncloc="18" classes="1" methods="2" coveredmethods="2" conditionals="0" coveredconditionals="0" statements="2" coveredstatements="2" elements="4" coveredelements="4"/>
    </file>
    <file name="/home/kadir/Codes/apv1/app/Providers/Filament/AdminPanelProvider.php">
      <class name="App\Providers\Filament\AdminPanelProvider" namespace="global">
        <metrics complexity="1" methods="1" coveredmethods="1" conditionals="0" coveredconditionals="0" statements="57" coveredstatements="57" elements="58" coveredelements="58"/>
      </class>
      <line num="32" type="method" name="panel" visibility="public" complexity="1" crap="1" count="111"/>
      <line num="34" type="stmt" count="111"/>
      <line num="35" type="stmt" count="111"/>
      <line num="36" type="stmt" count="111"/>
      <line num="37" type="stmt" count="111"/>
      <line num="38" type="stmt" count="111"/>
      <line num="39" type="stmt" count="111"/>
      <line num="40" type="stmt" count="111"/>
      <line num="41" type="stmt" count="111"/>
      <line num="42" type="stmt" count="111"/>
      <line num="43" type="stmt" count="111"/>
      <line num="44" type="stmt" count="111"/>
      <line num="45" type="stmt" count="111"/>
      <line num="46" type="stmt" count="111"/>
      <line num="47" type="stmt" count="111"/>
      <line num="48" type="stmt" count="111"/>
      <line num="49" type="stmt" count="111"/>
      <line num="50" type="stmt" count="111"/>
      <line num="51" type="stmt" count="111"/>
      <line num="52" type="stmt" count="111"/>
      <line num="53" type="stmt" count="111"/>
      <line num="54" type="stmt" count="111"/>
      <line num="55" type="stmt" count="111"/>
      <line num="56" type="stmt" count="111"/>
      <line num="57" type="stmt" count="111"/>
      <line num="58" type="stmt" count="111"/>
      <line num="59" type="stmt" count="111"/>
      <line num="60" type="stmt" count="111"/>
      <line num="61" type="stmt" count="111"/>
      <line num="62" type="stmt" count="111"/>
      <line num="63" type="stmt" count="111"/>
      <line num="64" type="stmt" count="111"/>
      <line num="65" type="stmt" count="111"/>
      <line num="66" type="stmt" count="111"/>
      <line num="67" type="stmt" count="111"/>
      <line num="68" type="stmt" count="111"/>
      <line num="69" type="stmt" count="111"/>
      <line num="70" type="stmt" count="111"/>
      <line num="71" type="stmt" count="111"/>
      <line num="72" type="stmt" count="111"/>
      <line num="73" type="stmt" count="111"/>
      <line num="74" type="stmt" count="111"/>
      <line num="75" type="stmt" count="111"/>
      <line num="76" type="stmt" count="111"/>
      <line num="77" type="stmt" count="111"/>
      <line num="78" type="stmt" count="111"/>
      <line num="79" type="stmt" count="111"/>
      <line num="80" type="stmt" count="111"/>
      <line num="81" type="stmt" count="111"/>
      <line num="82" type="stmt" count="111"/>
      <line num="83" type="stmt" count="111"/>
      <line num="84" type="stmt" count="111"/>
      <line num="85" type="stmt" count="111"/>
      <line num="86" type="stmt" count="111"/>
      <line num="87" type="stmt" count="111"/>
      <line num="88" type="stmt" count="111"/>
      <line num="89" type="stmt" count="111"/>
      <line num="90" type="stmt" count="111"/>
      <metrics loc="93" ncloc="93" classes="1" methods="1" coveredmethods="1" conditionals="0" coveredconditionals="0" statements="57" coveredstatements="57" elements="58" coveredelements="58"/>
    </file>
    <metrics files="61" loc="3788" ncloc="3457" classes="51" methods="178" coveredmethods="149" conditionals="0" coveredconditionals="0" statements="1572" coveredstatements="1490" elements="1750" coveredelements="1639"/>
  </project>
</coverage>
